<?xml version="1.0" encoding="UTF-8" ?>
<testsuite tests="9" failures="0" name="com.fdmgroup.icms.models.DataConnectivityTest" time="1.064" errors="9" skipped="0">
  <properties>
[...]
</properties>
  <testcase classname="com.fdmgroup.icms.models.DataConnectivityTest" name="test_IssueAddComment_SuccessfullyAddsAComment_AndWritesItToTheDatabase" time="0.247">
    <error message="Unknown entity: com.fdmgroup.icms.models.Issue$$EnhancerBySpringCGLIB$$dff7037; nested exception is java.lang.IllegalArgumentException: Unknown entity: com.fdmgroup.icms.models.Issue$$EnhancerBySpringCGLIB$$dff7037" type="org.springframework.dao.InvalidDataAccessApiUsageException">org.springframework.dao.InvalidDataAccessApiUsageException: Unknown entity: com.fdmgroup.icms.models.Issue$$EnhancerBySpringCGLIB$$dff7037; nested exception is java.lang.IllegalArgumentException: Unknown entity: com.fdmgroup.icms.models.Issue$$EnhancerBySpringCGLIB$$dff7037
	at org.springframework.orm.jpa.EntityManagerFactoryUtils.convertJpaAccessExceptionIfPossible(EntityManagerFactoryUtils.java:381)
	at org.springframework.orm.jpa.vendor.HibernateJpaDialect.translateExceptionIfPossible(HibernateJpaDialect.java:223)
	at org.springframework.orm.jpa.AbstractEntityManagerFactoryBean.translateExceptionIfPossible(AbstractEntityManagerFactoryBean.java:417)
	at org.springframework.dao.support.ChainedPersistenceExceptionTranslator.translateExceptionIfPossible(ChainedPersistenceExceptionTranslator.java:59)
	at org.springframework.dao.support.DataAccessUtils.translateIfNecessary(DataAccessUtils.java:213)
	at org.springframework.dao.support.PersistenceExceptionTranslationInterceptor.invoke(PersistenceExceptionTranslationInterceptor.java:147)
	at org.springframework.aop.framework.ReflectiveMethodInvocation.proceed(ReflectiveMethodInvocation.java:179)
	at org.springframework.data.jpa.repository.support.CrudMethodMetadataPostProcessor$CrudMethodMetadataPopulatingMethodInterceptor.invoke(CrudMethodMetadataPostProcessor.java:119)
	at org.springframework.aop.framework.ReflectiveMethodInvocation.proceed(ReflectiveMethodInvocation.java:179)
	at org.springframework.aop.interceptor.ExposeInvocationInterceptor.invoke(ExposeInvocationInterceptor.java:92)
	at org.springframework.aop.framework.ReflectiveMethodInvocation.proceed(ReflectiveMethodInvocation.java:179)
	at org.springframework.aop.framework.JdkDynamicAopProxy.invoke(JdkDynamicAopProxy.java:207)
	at com.sun.proxy.$Proxy60.save(Unknown Source)
	at com.fdmgroup.icms.models.IssueService.createIssue(IssueService.java:20)
	at com.fdmgroup.icms.models.IssueService$$FastClassBySpringCGLIB$$6bb2cca3.invoke(&lt;generated&gt;)
	at org.springframework.cglib.proxy.MethodProxy.invoke(MethodProxy.java:204)
	at org.springframework.aop.framework.CglibAopProxy$CglibMethodInvocation.invokeJoinpoint(CglibAopProxy.java:717)
	at org.springframework.aop.framework.ReflectiveMethodInvocation.proceed(ReflectiveMethodInvocation.java:157)
	at org.springframework.aop.aspectj.AspectJAfterAdvice.invoke(AspectJAfterAdvice.java:43)
	at org.springframework.aop.framework.ReflectiveMethodInvocation.proceed(ReflectiveMethodInvocation.java:168)
	at org.springframework.transaction.interceptor.TransactionInterceptor$1.proceedWithInvocation(TransactionInterceptor.java:99)
	at org.springframework.transaction.interceptor.TransactionAspectSupport.invokeWithinTransaction(TransactionAspectSupport.java:281)
	at org.springframework.transaction.interceptor.TransactionInterceptor.invoke(TransactionInterceptor.java:96)
	at org.springframework.aop.framework.ReflectiveMethodInvocation.proceed(ReflectiveMethodInvocation.java:179)
	at org.springframework.aop.interceptor.ExposeInvocationInterceptor.invoke(ExposeInvocationInterceptor.java:92)
	at org.springframework.aop.framework.ReflectiveMethodInvocation.proceed(ReflectiveMethodInvocation.java:179)
	at org.springframework.aop.framework.CglibAopProxy$DynamicAdvisedInterceptor.intercept(CglibAopProxy.java:653)
	at com.fdmgroup.icms.models.IssueService$$EnhancerBySpringCGLIB$$8267fe3b.createIssue(&lt;generated&gt;)
	at com.fdmgroup.icms.models.SeedDatabase.addIssues(SeedDatabase.java:67)
	at com.fdmgroup.icms.models.DataConnectivityTest.setUp(DataConnectivityTest.java:77)
	at sun.reflect.NativeMethodAccessorImpl.invoke0(Native Method)
	at sun.reflect.NativeMethodAccessorImpl.invoke(NativeMethodAccessorImpl.java:62)
	at sun.reflect.DelegatingMethodAccessorImpl.invoke(DelegatingMethodAccessorImpl.java:43)
	at java.lang.reflect.Method.invoke(Method.java:497)
	at org.junit.runners.model.FrameworkMethod$1.runReflectiveCall(FrameworkMethod.java:50)
	at org.junit.internal.runners.model.ReflectiveCallable.run(ReflectiveCallable.java:12)
	at org.junit.runners.model.FrameworkMethod.invokeExplosively(FrameworkMethod.java:47)
	at org.junit.internal.runners.statements.RunBefores.evaluate(RunBefores.java:24)
	at org.springframework.test.context.junit4.statements.RunBeforeTestMethodCallbacks.evaluate(RunBeforeTestMethodCallbacks.java:73)
	at org.junit.internal.runners.statements.RunAfters.evaluate(RunAfters.java:27)
	at org.springframework.test.context.junit4.statements.RunAfterTestMethodCallbacks.evaluate(RunAfterTestMethodCallbacks.java:82)
	at org.springframework.test.context.junit4.statements.SpringRepeat.evaluate(SpringRepeat.java:73)
	at org.junit.runners.ParentRunner.runLeaf(ParentRunner.java:325)
	at org.springframework.test.context.junit4.SpringJUnit4ClassRunner.runChild(SpringJUnit4ClassRunner.java:224)
	at org.springframework.test.context.junit4.SpringJUnit4ClassRunner.runChild(SpringJUnit4ClassRunner.java:83)
	at org.junit.runners.ParentRunner$3.run(ParentRunner.java:290)
	at org.junit.runners.ParentRunner$1.schedule(ParentRunner.java:71)
	at org.junit.runners.ParentRunner.runChildren(ParentRunner.java:288)
	at org.junit.runners.ParentRunner.access$000(ParentRunner.java:58)
	at org.junit.runners.ParentRunner$2.evaluate(ParentRunner.java:268)
	at org.junit.internal.runners.statements.RunBefores.evaluate(RunBefores.java:26)
	at org.springframework.test.context.junit4.statements.RunBeforeTestClassCallbacks.evaluate(RunBeforeTestClassCallbacks.java:61)
	at org.junit.internal.runners.statements.RunAfters.evaluate(RunAfters.java:27)
	at org.springframework.test.context.junit4.statements.RunAfterTestClassCallbacks.evaluate(RunAfterTestClassCallbacks.java:68)
	at org.junit.runners.ParentRunner.run(ParentRunner.java:363)
	at org.springframework.test.context.junit4.SpringJUnit4ClassRunner.run(SpringJUnit4ClassRunner.java:163)
	at org.apache.maven.surefire.junit4.JUnit4Provider.execute(JUnit4Provider.java:252)
	at org.apache.maven.surefire.junit4.JUnit4Provider.executeTestSet(JUnit4Provider.java:141)
	at org.apache.maven.surefire.junit4.JUnit4Provider.invoke(JUnit4Provider.java:112)
	at sun.reflect.NativeMethodAccessorImpl.invoke0(Native Method)
	at sun.reflect.NativeMethodAccessorImpl.invoke(NativeMethodAccessorImpl.java:62)
	at sun.reflect.DelegatingMethodAccessorImpl.invoke(DelegatingMethodAccessorImpl.java:43)
	at java.lang.reflect.Method.invoke(Method.java:497)
	at org.apache.maven.surefire.util.ReflectionUtils.invokeMethodWithArray(ReflectionUtils.java:189)
	at org.apache.maven.surefire.booter.ProviderFactory$ProviderProxy.invoke(ProviderFactory.java:165)
	at org.apache.maven.surefire.booter.ProviderFactory.invokeProvider(ProviderFactory.java:85)
	at org.apache.maven.surefire.booter.ForkedBooter.runSuitesInProcess(ForkedBooter.java:115)
	at org.apache.maven.surefire.booter.ForkedBooter.main(ForkedBooter.java:75)
Caused by: java.lang.IllegalArgumentException: Unknown entity: com.fdmgroup.icms.models.Issue$$EnhancerBySpringCGLIB$$dff7037
	at org.hibernate.jpa.spi.AbstractEntityManagerImpl.persist(AbstractEntityManagerImpl.java:1149)
	at sun.reflect.NativeMethodAccessorImpl.invoke0(Native Method)
	at sun.reflect.NativeMethodAccessorImpl.invoke(NativeMethodAccessorImpl.java:62)
	at sun.reflect.DelegatingMethodAccessorImpl.invoke(DelegatingMethodAccessorImpl.java:43)
	at java.lang.reflect.Method.invoke(Method.java:497)
	at org.springframework.orm.jpa.SharedEntityManagerCreator$SharedEntityManagerInvocationHandler.invoke(SharedEntityManagerCreator.java:291)
	at com.sun.proxy.$Proxy56.persist(Unknown Source)
	at org.springframework.data.jpa.repository.support.SimpleJpaRepository.save(SimpleJpaRepository.java:439)
	at sun.reflect.NativeMethodAccessorImpl.invoke0(Native Method)
	at sun.reflect.NativeMethodAccessorImpl.invoke(NativeMethodAccessorImpl.java:62)
	at sun.reflect.DelegatingMethodAccessorImpl.invoke(DelegatingMethodAccessorImpl.java:43)
	at java.lang.reflect.Method.invoke(Method.java:497)
	at org.springframework.data.repository.core.support.RepositoryFactorySupport$QueryExecutorMethodInterceptor.executeMethodOn(RepositoryFactorySupport.java:475)
	at org.springframework.data.repository.core.support.RepositoryFactorySupport$QueryExecutorMethodInterceptor.doInvoke(RepositoryFactorySupport.java:460)
	at org.springframework.data.repository.core.support.RepositoryFactorySupport$QueryExecutorMethodInterceptor.invoke(RepositoryFactorySupport.java:432)
	at org.springframework.aop.framework.ReflectiveMethodInvocation.proceed(ReflectiveMethodInvocation.java:179)
	at org.springframework.data.projection.DefaultMethodInvokingMethodInterceptor.invoke(DefaultMethodInvokingMethodInterceptor.java:61)
	at org.springframework.aop.framework.ReflectiveMethodInvocation.proceed(ReflectiveMethodInvocation.java:179)
	at org.springframework.transaction.interceptor.TransactionInterceptor$1.proceedWithInvocation(TransactionInterceptor.java:99)
	at org.springframework.transaction.interceptor.TransactionAspectSupport.invokeWithinTransaction(TransactionAspectSupport.java:281)
	at org.springframework.transaction.interceptor.TransactionInterceptor.invoke(TransactionInterceptor.java:96)
	at org.springframework.aop.framework.ReflectiveMethodInvocation.proceed(ReflectiveMethodInvocation.java:179)
	at org.springframework.dao.support.PersistenceExceptionTranslationInterceptor.invoke(PersistenceExceptionTranslationInterceptor.java:136)
	... 62 more
</error>
    <system-out>2018-08-15 12:47:40 TRACE TestContextManager:330 - afterTestClass(): class [com.fdmgroup.icms.models.CommentTest]
2018-08-15 12:47:40 DEBUG DirtiesContextTestExecutionListener:118 - After test class: context [DefaultTestContext@732f6050 testClass = CommentTest, testInstance = [null], testMethod = [null], testException = [null], mergedContextConfiguration = [WebMergedContextConfiguration@4e9ba398 testClass = CommentTest, locations = &apos;{}&apos;, classes = &apos;{class com.fdmgroup.icms.appconfig.ApplicationContextConfig}&apos;, contextInitializerClasses = &apos;[]&apos;, activeProfiles = &apos;{test}&apos;, propertySourceLocations = &apos;{}&apos;, propertySourceProperties = &apos;{}&apos;, resourceBasePath = &apos;src/main/webapp&apos;, contextLoader = &apos;org.springframework.test.context.web.WebDelegatingSmartContextLoader&apos;, parent = [null]]], dirtiesContext [false].
2018-08-15 12:47:40 DEBUG SpringJUnit4ClassRunner:113 - SpringJUnit4ClassRunner constructor called with [class com.fdmgroup.icms.models.DataConnectivityTest].
2018-08-15 12:47:40 DEBUG BootstrapUtils:78 - Instantiating TestContextBootstrapper from class [org.springframework.test.context.web.WebTestContextBootstrapper]
2018-08-15 12:47:40 TRACE ContextLoaderUtils:296 - Retrieved @ContextConfiguration attributes [{name=, value=[], classes=[class com.fdmgroup.icms.appconfig.ApplicationContextConfig], loader=interface org.springframework.test.context.ContextLoader, inheritLocations=true, initializers=[], locations=[], inheritInitializers=true}] for declaring class [com.fdmgroup.icms.models.DataConnectivityTest].
2018-08-15 12:47:40 TRACE ContextLoaderUtils:302 - Resolved context configuration attributes: [ContextConfigurationAttributes@25f723b0 declaringClass = &apos;com.fdmgroup.icms.models.DataConnectivityTest&apos;, classes = &apos;{class com.fdmgroup.icms.appconfig.ApplicationContextConfig}&apos;, locations = &apos;{}&apos;, inheritLocations = true, initializers = &apos;{}&apos;, inheritInitializers = true, name = [null], contextLoaderClass = &apos;org.springframework.test.context.ContextLoader&apos;]
2018-08-15 12:47:40 TRACE WebTestContextBootstrapper:437 - Resolving ContextLoader for context configuration attributes [ContextConfigurationAttributes@25f723b0 declaringClass = &apos;com.fdmgroup.icms.models.DataConnectivityTest&apos;, classes = &apos;{class com.fdmgroup.icms.appconfig.ApplicationContextConfig}&apos;, locations = &apos;{}&apos;, inheritLocations = true, initializers = &apos;{}&apos;, inheritInitializers = true, name = [null], contextLoaderClass = &apos;org.springframework.test.context.ContextLoader&apos;]
2018-08-15 12:47:40 TRACE WebTestContextBootstrapper:405 - Using ContextLoader class [org.springframework.test.context.web.WebDelegatingSmartContextLoader] for test class [com.fdmgroup.icms.models.DataConnectivityTest]
2018-08-15 12:47:40 TRACE WebTestContextBootstrapper:343 - Processing locations and classes for context configuration attributes [ContextConfigurationAttributes@25f723b0 declaringClass = &apos;com.fdmgroup.icms.models.DataConnectivityTest&apos;, classes = &apos;{class com.fdmgroup.icms.appconfig.ApplicationContextConfig}&apos;, locations = &apos;{}&apos;, inheritLocations = true, initializers = &apos;{}&apos;, inheritInitializers = true, name = [null], contextLoaderClass = &apos;org.springframework.test.context.ContextLoader&apos;]
2018-08-15 12:47:40 DEBUG AbstractDelegatingSmartContextLoader:97 - Delegating to AnnotationConfigWebContextLoader to process context configuration [ContextConfigurationAttributes@25f723b0 declaringClass = &apos;com.fdmgroup.icms.models.DataConnectivityTest&apos;, classes = &apos;{class com.fdmgroup.icms.appconfig.ApplicationContextConfig}&apos;, locations = &apos;{}&apos;, inheritLocations = true, initializers = &apos;{}&apos;, inheritInitializers = true, name = [null], contextLoaderClass = &apos;org.springframework.test.context.ContextLoader&apos;].
2018-08-15 12:47:40 TRACE ApplicationContextInitializerUtils:81 - Processing context initializers for context configuration attributes [ContextConfigurationAttributes@25f723b0 declaringClass = &apos;com.fdmgroup.icms.models.DataConnectivityTest&apos;, classes = &apos;{class com.fdmgroup.icms.appconfig.ApplicationContextConfig}&apos;, locations = &apos;{}&apos;, inheritLocations = true, initializers = &apos;{}&apos;, inheritInitializers = true, name = [null], contextLoaderClass = &apos;org.springframework.test.context.ContextLoader&apos;]
2018-08-15 12:47:40 TRACE ActiveProfilesUtils:94 - Retrieved @ActiveProfiles attributes [{value=[test], inheritProfiles=true, resolver=interface org.springframework.test.context.ActiveProfilesResolver, profiles=[]}] for declaring class [com.fdmgroup.icms.models.DataConnectivityTest].
2018-08-15 12:47:40 TRACE DefaultActiveProfilesResolver:80 - Retrieved @ActiveProfiles attributes [{value=[test], inheritProfiles=true, resolver=interface org.springframework.test.context.ActiveProfilesResolver, profiles=[]}] for declaring class [com.fdmgroup.icms.models.DataConnectivityTest].
2018-08-15 12:47:40 DEBUG WebTestContextBootstrapper:113 - @TestExecutionListeners is not present for class [com.fdmgroup.icms.models.DataConnectivityTest]: using defaults.
2018-08-15 12:47:40 INFO  WebTestContextBootstrapper:256 - Loaded default TestExecutionListener class names from location [META-INF/spring.factories]: [org.springframework.test.context.web.ServletTestExecutionListener, org.springframework.test.context.support.DependencyInjectionTestExecutionListener, org.springframework.test.context.support.DirtiesContextTestExecutionListener, org.springframework.test.context.transaction.TransactionalTestExecutionListener, org.springframework.test.context.jdbc.SqlScriptsTestExecutionListener]
2018-08-15 12:47:40 INFO  WebTestContextBootstrapper:182 - Using TestExecutionListeners: [org.springframework.test.context.web.ServletTestExecutionListener@27be17c8, org.springframework.test.context.support.DependencyInjectionTestExecutionListener@2c413ffc, org.springframework.test.context.support.DirtiesContextTestExecutionListener@7d21852b, org.springframework.test.context.transaction.TransactionalTestExecutionListener@6cd98a05, org.springframework.test.context.jdbc.SqlScriptsTestExecutionListener@3b8ec001]
2018-08-15 12:47:40 TRACE TestContextManager:131 - Registering TestExecutionListener: org.springframework.test.context.web.ServletTestExecutionListener@27be17c8
2018-08-15 12:47:40 TRACE TestContextManager:131 - Registering TestExecutionListener: org.springframework.test.context.support.DependencyInjectionTestExecutionListener@2c413ffc
2018-08-15 12:47:40 TRACE TestContextManager:131 - Registering TestExecutionListener: org.springframework.test.context.support.DirtiesContextTestExecutionListener@7d21852b
2018-08-15 12:47:40 TRACE TestContextManager:131 - Registering TestExecutionListener: org.springframework.test.context.transaction.TransactionalTestExecutionListener@6cd98a05
2018-08-15 12:47:40 TRACE TestContextManager:131 - Registering TestExecutionListener: org.springframework.test.context.jdbc.SqlScriptsTestExecutionListener@3b8ec001
2018-08-15 12:47:40 DEBUG ProfileValueUtils:71 - Retrieved @ProfileValueSourceConfiguration [null] for test class [com.fdmgroup.icms.models.DataConnectivityTest]
2018-08-15 12:47:40 DEBUG ProfileValueUtils:83 - Retrieved ProfileValueSource type [class org.springframework.test.annotation.SystemProfileValueSource] for class [com.fdmgroup.icms.models.DataConnectivityTest]
2018-08-15 12:47:40 DEBUG ProfileValueUtils:71 - Retrieved @ProfileValueSourceConfiguration [null] for test class [com.fdmgroup.icms.models.DataConnectivityTest]
2018-08-15 12:47:40 DEBUG ProfileValueUtils:83 - Retrieved ProfileValueSource type [class org.springframework.test.annotation.SystemProfileValueSource] for class [com.fdmgroup.icms.models.DataConnectivityTest]
2018-08-15 12:47:40 TRACE TestContextManager:173 - beforeTestClass(): class [com.fdmgroup.icms.models.DataConnectivityTest]
2018-08-15 12:47:40 DEBUG ProfileValueUtils:71 - Retrieved @ProfileValueSourceConfiguration [null] for test class [com.fdmgroup.icms.models.DataConnectivityTest]
2018-08-15 12:47:40 DEBUG ProfileValueUtils:83 - Retrieved ProfileValueSource type [class org.springframework.test.annotation.SystemProfileValueSource] for class [com.fdmgroup.icms.models.DataConnectivityTest]
2018-08-15 12:47:40 TRACE TestContextManager:206 - prepareTestInstance(): instance [com.fdmgroup.icms.models.DataConnectivityTest@1e95b653]
2018-08-15 12:47:40 DEBUG DefaultCacheAwareContextLoaderDelegate:99 - Retrieved ApplicationContext from cache with key [[WebMergedContextConfiguration@6f6c6077 testClass = DataConnectivityTest, locations = &apos;{}&apos;, classes = &apos;{class com.fdmgroup.icms.appconfig.ApplicationContextConfig}&apos;, contextInitializerClasses = &apos;[]&apos;, activeProfiles = &apos;{test}&apos;, propertySourceLocations = &apos;{}&apos;, propertySourceProperties = &apos;{}&apos;, resourceBasePath = &apos;src/main/webapp&apos;, contextLoader = &apos;org.springframework.test.context.web.WebDelegatingSmartContextLoader&apos;, parent = [null]]]
2018-08-15 12:47:40 DEBUG cache:105 - Spring test ApplicationContext cache statistics: [ContextCache@7d70638 size = 1, hitCount = 4, missCount = 1, parentContextCount = 0]
2018-08-15 12:47:40 DEBUG ServletTestExecutionListener:180 - Setting up MockHttpServletRequest, MockHttpServletResponse, ServletWebRequest, and RequestContextHolder for test context [DefaultTestContext@4fc5563d testClass = DataConnectivityTest, testInstance = com.fdmgroup.icms.models.DataConnectivityTest@1e95b653, testMethod = [null], testException = [null], mergedContextConfiguration = [WebMergedContextConfiguration@6f6c6077 testClass = DataConnectivityTest, locations = &apos;{}&apos;, classes = &apos;{class com.fdmgroup.icms.appconfig.ApplicationContextConfig}&apos;, contextInitializerClasses = &apos;[]&apos;, activeProfiles = &apos;{test}&apos;, propertySourceLocations = &apos;{}&apos;, propertySourceProperties = &apos;{}&apos;, resourceBasePath = &apos;src/main/webapp&apos;, contextLoader = &apos;org.springframework.test.context.web.WebDelegatingSmartContextLoader&apos;, parent = [null]]].
2018-08-15 12:47:40 DEBUG DependencyInjectionTestExecutionListener:81 - Performing dependency injection for test context [[DefaultTestContext@4fc5563d testClass = DataConnectivityTest, testInstance = com.fdmgroup.icms.models.DataConnectivityTest@1e95b653, testMethod = [null], testException = [null], mergedContextConfiguration = [WebMergedContextConfiguration@6f6c6077 testClass = DataConnectivityTest, locations = &apos;{}&apos;, classes = &apos;{class com.fdmgroup.icms.appconfig.ApplicationContextConfig}&apos;, contextInitializerClasses = &apos;[]&apos;, activeProfiles = &apos;{test}&apos;, propertySourceLocations = &apos;{}&apos;, propertySourceProperties = &apos;{}&apos;, resourceBasePath = &apos;src/main/webapp&apos;, contextLoader = &apos;org.springframework.test.context.web.WebDelegatingSmartContextLoader&apos;, parent = [null]]]].
2018-08-15 12:47:40 DEBUG DefaultCacheAwareContextLoaderDelegate:99 - Retrieved ApplicationContext from cache with key [[WebMergedContextConfiguration@6f6c6077 testClass = DataConnectivityTest, locations = &apos;{}&apos;, classes = &apos;{class com.fdmgroup.icms.appconfig.ApplicationContextConfig}&apos;, contextInitializerClasses = &apos;[]&apos;, activeProfiles = &apos;{test}&apos;, propertySourceLocations = &apos;{}&apos;, propertySourceProperties = &apos;{}&apos;, resourceBasePath = &apos;src/main/webapp&apos;, contextLoader = &apos;org.springframework.test.context.web.WebDelegatingSmartContextLoader&apos;, parent = [null]]]
2018-08-15 12:47:40 DEBUG cache:105 - Spring test ApplicationContext cache statistics: [ContextCache@7d70638 size = 1, hitCount = 5, missCount = 1, parentContextCount = 0]
2018-08-15 12:47:40 TRACE CachedIntrospectionResults:265 - Getting BeanInfo for class [com.fdmgroup.icms.models.DataConnectivityTest]
2018-08-15 12:47:40 TRACE CachedIntrospectionResults:284 - Caching PropertyDescriptors for class [com.fdmgroup.icms.models.DataConnectivityTest]
2018-08-15 12:47:40 TRACE CachedIntrospectionResults:297 - Found bean property &apos;class&apos; of type [java.lang.Class]
2018-08-15 12:47:40 DEBUG InjectionMetadata:86 - Processing injected element of bean &apos;com.fdmgroup.icms.models.DataConnectivityTest&apos;: AutowiredFieldElement for private org.springframework.context.ApplicationContext com.fdmgroup.icms.models.DataConnectivityTest.context
2018-08-15 12:47:40 DEBUG AutowiredAnnotationBeanPostProcessor:480 - Autowiring by type from bean name &apos;com.fdmgroup.icms.models.DataConnectivityTest&apos; to bean named &apos;org.springframework.web.context.support.GenericWebApplicationContext@6ebc05a6&apos;
2018-08-15 12:47:40 DEBUG InjectionMetadata:86 - Processing injected element of bean &apos;com.fdmgroup.icms.models.DataConnectivityTest&apos;: AutowiredFieldElement for private com.fdmgroup.icms.models.IssueService com.fdmgroup.icms.models.DataConnectivityTest.issueService
2018-08-15 12:47:40 DEBUG DefaultListableBeanFactory:248 - Returning cached instance of singleton bean &apos;issueService&apos;
2018-08-15 12:47:40 DEBUG AutowiredAnnotationBeanPostProcessor:480 - Autowiring by type from bean name &apos;com.fdmgroup.icms.models.DataConnectivityTest&apos; to bean named &apos;issueService&apos;
2018-08-15 12:47:40 DEBUG InjectionMetadata:86 - Processing injected element of bean &apos;com.fdmgroup.icms.models.DataConnectivityTest&apos;: AutowiredFieldElement for private com.fdmgroup.icms.models.CommentService com.fdmgroup.icms.models.DataConnectivityTest.commentService
2018-08-15 12:47:40 DEBUG DefaultListableBeanFactory:248 - Returning cached instance of singleton bean &apos;commentService&apos;
2018-08-15 12:47:40 DEBUG AutowiredAnnotationBeanPostProcessor:480 - Autowiring by type from bean name &apos;com.fdmgroup.icms.models.DataConnectivityTest&apos; to bean named &apos;commentService&apos;
2018-08-15 12:47:40 DEBUG InjectionMetadata:86 - Processing injected element of bean &apos;com.fdmgroup.icms.models.DataConnectivityTest&apos;: AutowiredFieldElement for private com.fdmgroup.icms.models.UserService com.fdmgroup.icms.models.DataConnectivityTest.userService
2018-08-15 12:47:40 DEBUG DefaultListableBeanFactory:248 - Returning cached instance of singleton bean &apos;userService&apos;
2018-08-15 12:47:40 DEBUG AutowiredAnnotationBeanPostProcessor:480 - Autowiring by type from bean name &apos;com.fdmgroup.icms.models.DataConnectivityTest&apos; to bean named &apos;userService&apos;
2018-08-15 12:47:40 DEBUG DefaultListableBeanFactory:248 - Returning cached instance of singleton bean &apos;org.springframework.transaction.config.internalTransactionAdvisor&apos;
2018-08-15 12:47:40 DEBUG DefaultListableBeanFactory:248 - Returning cached instance of singleton bean &apos;org.springframework.transaction.config.internalTransactionAdvisor&apos;
2018-08-15 12:47:40 TRACE TestContextManager:243 - beforeTestMethod(): instance [com.fdmgroup.icms.models.DataConnectivityTest@1e95b653], method [public void com.fdmgroup.icms.models.DataConnectivityTest.test_IssueAddComment_SuccessfullyAddsAComment_AndWritesItToTheDatabase()]
2018-08-15 12:47:40 DEBUG DefaultListableBeanFactory:248 - Returning cached instance of singleton bean &apos;seedDatabase&apos;
2018-08-15 12:47:40 DEBUG DefaultListableBeanFactory:450 - Creating instance of bean &apos;comment&apos;
2018-08-15 12:47:40 DEBUG DefaultListableBeanFactory:248 - Returning cached instance of singleton bean &apos;applicationContextConfig&apos;
2018-08-15 12:47:40 DEBUG DefaultListableBeanFactory:478 - Finished creating instance of bean &apos;comment&apos;
2018-08-15 12:47:40 DEBUG DefaultListableBeanFactory:450 - Creating instance of bean &apos;issue&apos;
2018-08-15 12:47:40 DEBUG DefaultListableBeanFactory:248 - Returning cached instance of singleton bean &apos;applicationContextConfig&apos;
2018-08-15 12:47:40 DEBUG DefaultListableBeanFactory:248 - Returning cached instance of singleton bean &apos;org.springframework.transaction.config.internalTransactionAdvisor&apos;
2018-08-15 12:47:40 DEBUG DefaultListableBeanFactory:248 - Returning cached instance of singleton bean &apos;org.springframework.transaction.config.internalTransactionAdvisor&apos;
2018-08-15 12:47:40 DEBUG AnnotationAwareAspectJAutoProxyCreator:505 - Creating implicit proxy for bean &apos;issue&apos; with 0 common interceptors and 2 specific interceptors
2018-08-15 12:47:40 DEBUG CglibAopProxy:158 - Creating CGLIB proxy: target source is SingletonTargetSource for target object [com.fdmgroup.icms.models.Issue@3df1a1ac]
2018-08-15 12:47:40 DEBUG DefaultListableBeanFactory:478 - Finished creating instance of bean &apos;issue&apos;
2018-08-15 12:47:40 DEBUG DefaultListableBeanFactory:450 - Creating instance of bean &apos;issue&apos;
2018-08-15 12:47:40 DEBUG DefaultListableBeanFactory:248 - Returning cached instance of singleton bean &apos;applicationContextConfig&apos;
2018-08-15 12:47:40 DEBUG DefaultListableBeanFactory:248 - Returning cached instance of singleton bean &apos;org.springframework.transaction.config.internalTransactionAdvisor&apos;
2018-08-15 12:47:40 DEBUG DefaultListableBeanFactory:248 - Returning cached instance of singleton bean &apos;org.springframework.transaction.config.internalTransactionAdvisor&apos;
2018-08-15 12:47:40 DEBUG AnnotationAwareAspectJAutoProxyCreator:505 - Creating implicit proxy for bean &apos;issue&apos; with 0 common interceptors and 2 specific interceptors
2018-08-15 12:47:40 DEBUG CglibAopProxy:158 - Creating CGLIB proxy: target source is SingletonTargetSource for target object [com.fdmgroup.icms.models.Issue@6a9cd0f8]
2018-08-15 12:47:40 DEBUG DefaultListableBeanFactory:478 - Finished creating instance of bean &apos;issue&apos;
2018-08-15 12:47:40 DEBUG DefaultListableBeanFactory:450 - Creating instance of bean &apos;comment&apos;
2018-08-15 12:47:40 DEBUG DefaultListableBeanFactory:248 - Returning cached instance of singleton bean &apos;applicationContextConfig&apos;
2018-08-15 12:47:40 DEBUG DefaultListableBeanFactory:478 - Finished creating instance of bean &apos;comment&apos;
&lt;&lt;&lt; Comment Created: Wed Aug 15 12:47:40 EDT 2018 &gt;&gt;&gt; Short comment
2018-08-15 12:47:40 DEBUG DefaultListableBeanFactory:450 - Creating instance of bean &apos;comment&apos;
2018-08-15 12:47:40 DEBUG DefaultListableBeanFactory:248 - Returning cached instance of singleton bean &apos;applicationContextConfig&apos;
2018-08-15 12:47:40 DEBUG DefaultListableBeanFactory:478 - Finished creating instance of bean &apos;comment&apos;
&lt;&lt;&lt; Comment Created: Wed Aug 15 12:47:40 EDT 2018 &gt;&gt;&gt; Medium sized comment that should probably spill over to a new line because I am writing out an issue just because oh well end of sentence.
2018-08-15 12:47:40 DEBUG DefaultListableBeanFactory:450 - Creating instance of bean &apos;comment&apos;
2018-08-15 12:47:40 DEBUG DefaultListableBeanFactory:248 - Returning cached instance of singleton bean &apos;applicationContextConfig&apos;
2018-08-15 12:47:40 DEBUG DefaultListableBeanFactory:478 - Finished creating instance of bean &apos;comment&apos;
&lt;&lt;&lt; Comment Created: Wed Aug 15 12:47:40 EDT 2018 &gt;&gt;&gt; Long comment lorem ipsum to follow purus non enim praesent elementum facilisis leo vel fringilla est ullamcorper eget nulla facilisi etiam dignissim diam quis enim lobortis scelerisque fermentum dui faucibus in ornare quam viverra orci sagittis eu volutpat odio facilisis mauris sit amet massa vitae tortor condimentum lacinia quis vel eros donec ac odio tempor orci dapibus ultrices in iaculis nunc sed augue lacus viverra vitae congue eu consequat ac felis donec et odio pellentesque diam volutpat commodo sed egestas egestas fringilla phasellus faucibus scelerisque eleifend donec pretium vulputate sapien nec sagittis aliquam malesuada bibendum arcu vitae elementum curabitur vitae nunc sed velit dignissim sodales ut eu sem integer vitae justo eget magna fermentum iaculis eu non diam phasellus vestibulum lorem sed risus ultricies tristique nulla aliquet enim tortor at auctor urna nunc id cursus metus aliquam eleifend mi in nulla posuere sollicitudin aliquam ultrices sagittis orci a scelerisque purus semper eget duis at tellus at urna condimentum mattis pellentesque id nibh tortor id aliquet lectus proin nibh nisl condimentum id venenatis a condimentum vitae sapien pellentesque habitant morbi tristique senectus et netus et malesuada fames ac turpis egestas sed tempus urna et pharetra pharetra massa massa ultricies mi quis hendrerit dolor magna eget est lorem ipsum dolor sit amet consectetur adipiscing elit pellentesque habitant morbi tristique senectus et netus et malesuada fames ac turpis egestas integer eget aliquet nibh praesent tristique magna sit amet purus gravida quis blandit turpis cursus in hac habitasse platea dictumst quisque sagittis purus sit amet volutpat consequat mauris nunc congue nisi vitae suscipit tellus mauris a diam maecenas sed enim ut sem viverra aliquet eget sit amet tellus cras adipiscing enim eu turpis egestas pretium aenean pharetra magna ac placerat vestibulum lectus mauris ultrices eros in cursus turpis massa tincidunt dui ut ornare lectus sit amet est placerat in egestas erat imperdiet sed euismod nisi porta lorem mollis aliquam ut porttitor leo a diam sollicitudin tempor id eu nisl nunc mi ipsum faucibus vitae aliquet nec ullamcorper sit amet risus nullam eget felis eget nunc lobortis mattis aliquam faucibus purus in massa tempor nec feugiat nisl pretium fusce id velit ut tortor pretium viverra suspendisse potenti nullam ac tortor vitae purus faucibus ornare suspendisse sed nisi lacus sed viverra tellus in hac habitasse platea dictumst vestibulum rhoncus est pellentesque elit ullamcorper dignissim cras tincidunt lobortis feugiat vivamus at augue eget arcu dictum varius duis at consectetur lorem donec massa sapien faucibus et molestie ac feugiat sed lectus vestibulum mattis ullamcorper velit sed ullamcorper morbi tincidunt ornare massa eget egestas purus viverra accumsan in nisl nisi scelerisque eu ultrices vitae auctor eu augue ut lectus arcu bibendum at varius vel pharetra vel turpis nunc eget lorem dolor sed viverra ipsum nunc aliquet bibendum enim facilisis gravida neque convallis a cras semper auctor neque vitae tempus quam pellentesque nec nam aliquam sem et tortor consequat id porta nibh venenatis cras sed felis eget velit aliquet sagittis id consectetur purus ut faucibus pulvinar elementum integer enim neque volutpat ac tincidunt vitae semper quis
2018-08-15 12:47:40 DEBUG JpaTransactionManager:367 - Creating new transaction with name [com.fdmgroup.icms.models.IssueService.createIssue]: PROPAGATION_REQUIRED,ISOLATION_DEFAULT; &apos;&apos;
2018-08-15 12:47:40 TRACE SessionFactoryImpl$SessionBuilderImpl:1312 - Opening Hibernate Session.  tenant=null, owner=org.hibernate.jpa.internal.EntityManagerImpl@7be2f29a
2018-08-15 12:47:40 TRACE SessionImpl:219 - Opened session at timestamp: 15343516604
2018-08-15 12:47:40 TRACE SessionImpl:1480 - Setting flush mode to: AUTO
2018-08-15 12:47:40 TRACE SessionImpl:1500 - Setting cache mode to: NORMAL
2018-08-15 12:47:40 DEBUG JpaTransactionManager:371 - Opened new EntityManager [org.hibernate.jpa.internal.EntityManagerImpl@7be2f29a] for JPA transaction
2018-08-15 12:47:40 DEBUG TransactionImpl:51 - begin
2018-08-15 12:47:40 DEBUG BasicResourcePool:1644 - trace com.mchange.v2.resourcepool.BasicResourcePool@53dacd14 [managed: 10, unused: 9, excluded: 0] (e.g. com.mchange.v2.c3p0.impl.NewPooledConnection@25574ecf)
2018-08-15 12:47:40 TRACE AbstractLogicalConnectionImplementor:66 - Preparing to begin transaction via JDBC Connection.setAutoCommit(false)
2018-08-15 12:47:40 TRACE AbstractLogicalConnectionImplementor:69 - Transaction begun via JDBC Connection.setAutoCommit(false)
2018-08-15 12:47:40 TRACE JdbcResourceLocalTransactionCoordinatorImpl:140 - ResourceLocalTransactionCoordinatorImpl#afterBeginCallback
2018-08-15 12:47:40 DEBUG JpaTransactionManager:403 - Exposing JPA transaction as JDBC transaction [org.springframework.orm.jpa.vendor.HibernateJpaDialect$HibernateConnectionHandle@2c2a027c]
2018-08-15 12:47:40 TRACE TransactionSynchronizationManager:193 - Bound value [org.springframework.jdbc.datasource.ConnectionHolder@118dcbbd] for key [com.mchange.v2.c3p0.ComboPooledDataSource [ acquireIncrement -&gt; 3, acquireRetryAttempts -&gt; 30, acquireRetryDelay -&gt; 1000, autoCommitOnClose -&gt; false, automaticTestTable -&gt; null, breakAfterAcquireFailure -&gt; false, checkoutTimeout -&gt; 0, connectionCustomizerClassName -&gt; null, connectionTesterClassName -&gt; com.mchange.v2.c3p0.impl.DefaultConnectionTester, dataSourceName -&gt; 2sbfvu9xhc5dj1vga6st|4b3ed2f0, debugUnreturnedConnectionStackTraces -&gt; false, description -&gt; null, driverClass -&gt; oracle.jdbc.driver.OracleDriver, factoryClassLocation -&gt; null, forceIgnoreUnresolvedTransactions -&gt; false, identityToken -&gt; 2sbfvu9xhc5dj1vga6st|4b3ed2f0, idleConnectionTestPeriod -&gt; 0, initialPoolSize -&gt; 3, jdbcUrl -&gt; jdbc:oracle:thin:@localhost:1521:xe, maxAdministrativeTaskTime -&gt; 0, maxConnectionAge -&gt; 0, maxIdleTime -&gt; 0, maxIdleTimeExcessConnections -&gt; 0, maxPoolSize -&gt; 100, maxStatements -&gt; 0, maxStatementsPerConnection -&gt; 0, minPoolSize -&gt; 10, numHelperThreads -&gt; 3, numThreadsAwaitingCheckoutDefaultUser -&gt; 0, preferredTestQuery -&gt; null, properties -&gt; {user=******, password=******}, propertyCycle -&gt; 0, testConnectionOnCheckin -&gt; false, testConnectionOnCheckout -&gt; false, unreturnedConnectionTimeout -&gt; 0, usesTraditionalReflectiveProxies -&gt; false ]] to thread [main]
2018-08-15 12:47:40 TRACE TransactionSynchronizationManager:193 - Bound value [org.springframework.orm.jpa.EntityManagerHolder@7d979d34] for key [org.springframework.orm.jpa.LocalContainerEntityManagerFactoryBean@12f49ca8] to thread [main]
2018-08-15 12:47:40 TRACE TransactionSynchronizationManager:272 - Initializing transaction synchronization
2018-08-15 12:47:40 TRACE TransactionInterceptor:490 - Getting transaction for [com.fdmgroup.icms.models.IssueService.createIssue]
2018-08-15 12:47:40 TRACE TransactionSynchronizationManager:193 - Bound value [org.springframework.data.jpa.repository.support.CrudMethodMetadataPostProcessor$DefaultCrudMethodMetadata@5562c2c9] for key [public abstract java.lang.Object org.springframework.data.repository.CrudRepository.save(java.lang.Object)] to thread [main]
2018-08-15 12:47:40 TRACE TransactionSynchronizationManager:140 - Retrieved value [org.springframework.orm.jpa.EntityManagerHolder@7d979d34] for key [org.springframework.orm.jpa.LocalContainerEntityManagerFactoryBean@12f49ca8] bound to thread [main]
2018-08-15 12:47:40 DEBUG JpaTransactionManager:334 - Found thread-bound EntityManager [org.hibernate.jpa.internal.EntityManagerImpl@7be2f29a] for JPA transaction
2018-08-15 12:47:40 TRACE TransactionSynchronizationManager:140 - Retrieved value [org.springframework.jdbc.datasource.ConnectionHolder@118dcbbd] for key [com.mchange.v2.c3p0.ComboPooledDataSource [ acquireIncrement -&gt; 3, acquireRetryAttempts -&gt; 30, acquireRetryDelay -&gt; 1000, autoCommitOnClose -&gt; false, automaticTestTable -&gt; null, breakAfterAcquireFailure -&gt; false, checkoutTimeout -&gt; 0, connectionCustomizerClassName -&gt; null, connectionTesterClassName -&gt; com.mchange.v2.c3p0.impl.DefaultConnectionTester, dataSourceName -&gt; 2sbfvu9xhc5dj1vga6st|4b3ed2f0, debugUnreturnedConnectionStackTraces -&gt; false, description -&gt; null, driverClass -&gt; oracle.jdbc.driver.OracleDriver, factoryClassLocation -&gt; null, forceIgnoreUnresolvedTransactions -&gt; false, identityToken -&gt; 2sbfvu9xhc5dj1vga6st|4b3ed2f0, idleConnectionTestPeriod -&gt; 0, initialPoolSize -&gt; 3, jdbcUrl -&gt; jdbc:oracle:thin:@localhost:1521:xe, maxAdministrativeTaskTime -&gt; 0, maxConnectionAge -&gt; 0, maxIdleTime -&gt; 0, maxIdleTimeExcessConnections -&gt; 0, maxPoolSize -&gt; 100, maxStatements -&gt; 0, maxStatementsPerConnection -&gt; 0, minPoolSize -&gt; 10, numHelperThreads -&gt; 3, numThreadsAwaitingCheckoutDefaultUser -&gt; 0, preferredTestQuery -&gt; null, properties -&gt; {user=******, password=******}, propertyCycle -&gt; 0, testConnectionOnCheckin -&gt; false, testConnectionOnCheckout -&gt; false, unreturnedConnectionTimeout -&gt; 0, usesTraditionalReflectiveProxies -&gt; false ]] bound to thread [main]
2018-08-15 12:47:40 DEBUG JpaTransactionManager:472 - Participating in existing transaction
2018-08-15 12:47:40 TRACE TransactionInterceptor:490 - Getting transaction for [org.springframework.data.jpa.repository.support.SimpleJpaRepository.save]
2018-08-15 12:47:40 TRACE TransactionSynchronizationManager:140 - Retrieved value [org.springframework.orm.jpa.EntityManagerHolder@7d979d34] for key [org.springframework.orm.jpa.LocalContainerEntityManagerFactoryBean@12f49ca8] bound to thread [main]
2018-08-15 12:47:40 DEBUG AbstractEntityManagerImpl:1494 - Mark transaction for rollback
2018-08-15 12:47:40 TRACE TransactionInterceptor:534 - Completing transaction for [org.springframework.data.jpa.repository.support.SimpleJpaRepository.save] after exception: java.lang.IllegalArgumentException: Unknown entity: com.fdmgroup.icms.models.Issue$$EnhancerBySpringCGLIB$$dff7037
2018-08-15 12:47:40 TRACE RuleBasedTransactionAttribute:131 - Applying rules to determine whether transaction should rollback on java.lang.IllegalArgumentException: Unknown entity: com.fdmgroup.icms.models.Issue$$EnhancerBySpringCGLIB$$dff7037
2018-08-15 12:47:40 TRACE RuleBasedTransactionAttribute:148 - Winning rollback rule is: null
2018-08-15 12:47:40 TRACE RuleBasedTransactionAttribute:153 - No relevant rollback rule found: applying default rules
2018-08-15 12:47:40 DEBUG JpaTransactionManager:854 - Participating transaction failed - marking existing transaction as rollback-only
2018-08-15 12:47:40 DEBUG JpaTransactionManager:563 - Setting JPA transaction on EntityManager [org.hibernate.jpa.internal.EntityManagerImpl@7be2f29a] rollback-only
2018-08-15 12:47:40 TRACE TransactionSynchronizationManager:243 - Removed value [org.springframework.data.jpa.repository.support.CrudMethodMetadataPostProcessor$DefaultCrudMethodMetadata@5562c2c9] for key [public abstract java.lang.Object org.springframework.data.repository.CrudRepository.save(java.lang.Object)] from thread [main]
&lt;&lt;&lt; Issue Created: Wed Aug 15 12:47:40 EDT 2018 &gt;&gt;&gt; Change my password
2018-08-15 12:47:40 INFO  IcmsAopLogger:35 - Issue createdChange my password
2018-08-15 12:47:40 TRACE TransactionInterceptor:534 - Completing transaction for [com.fdmgroup.icms.models.IssueService.createIssue] after exception: org.springframework.dao.InvalidDataAccessApiUsageException: Unknown entity: com.fdmgroup.icms.models.Issue$$EnhancerBySpringCGLIB$$dff7037; nested exception is java.lang.IllegalArgumentException: Unknown entity: com.fdmgroup.icms.models.Issue$$EnhancerBySpringCGLIB$$dff7037
2018-08-15 12:47:40 TRACE RuleBasedTransactionAttribute:131 - Applying rules to determine whether transaction should rollback on org.springframework.dao.InvalidDataAccessApiUsageException: Unknown entity: com.fdmgroup.icms.models.Issue$$EnhancerBySpringCGLIB$$dff7037; nested exception is java.lang.IllegalArgumentException: Unknown entity: com.fdmgroup.icms.models.Issue$$EnhancerBySpringCGLIB$$dff7037
2018-08-15 12:47:40 TRACE RuleBasedTransactionAttribute:148 - Winning rollback rule is: null
2018-08-15 12:47:40 TRACE RuleBasedTransactionAttribute:153 - No relevant rollback rule found: applying default rules
2018-08-15 12:47:40 TRACE JpaTransactionManager:939 - Triggering beforeCompletion synchronization
2018-08-15 12:47:40 DEBUG JpaTransactionManager:847 - Initiating transaction rollback
2018-08-15 12:47:40 DEBUG JpaTransactionManager:538 - Rolling back JPA transaction on EntityManager [org.hibernate.jpa.internal.EntityManagerImpl@7be2f29a]
2018-08-15 12:47:40 DEBUG TransactionImpl:86 - rolling back
2018-08-15 12:47:40 TRACE AbstractLogicalConnectionImplementor:114 - Preparing to rollback transaction via JDBC Connection.rollback()
2018-08-15 12:47:40 TRACE AbstractLogicalConnectionImplementor:117 - Transaction rolled-back via JDBC Connection.rollback()
2018-08-15 12:47:40 TRACE AbstractLogicalConnectionImplementor:54 - LogicalConnection#afterTransaction
2018-08-15 12:47:40 TRACE ResourceRegistryStandardImpl:286 - Releasing JDBC resources
2018-08-15 12:47:40 TRACE AbstractLogicalConnectionImplementor:99 - re-enabling auto-commit on JDBC Connection after completion of JDBC-based transaction
2018-08-15 12:47:40 TRACE JdbcResourceLocalTransactionCoordinatorImpl:162 - ResourceLocalTransactionCoordinatorImpl#afterCompletionCallback(false)
2018-08-15 12:47:40 TRACE SynchronizationRegistryStandardImpl:159 - SynchronizationRegistryStandardImpl.notifySynchronizationsAfterTransactionCompletion(5)
2018-08-15 12:47:40 TRACE SessionImpl:2351 - SessionImpl#afterTransactionCompletion(successful=false, delayed=false)
2018-08-15 12:47:40 TRACE JpaTransactionManager:968 - Triggering afterCompletion synchronization
2018-08-15 12:47:40 TRACE TransactionSynchronizationManager:331 - Clearing transaction synchronization
2018-08-15 12:47:40 TRACE TransactionSynchronizationManager:243 - Removed value [org.springframework.orm.jpa.EntityManagerHolder@7d979d34] for key [org.springframework.orm.jpa.LocalContainerEntityManagerFactoryBean@12f49ca8] from thread [main]
2018-08-15 12:47:40 TRACE TransactionSynchronizationManager:243 - Removed value [org.springframework.jdbc.datasource.ConnectionHolder@118dcbbd] for key [com.mchange.v2.c3p0.ComboPooledDataSource [ acquireIncrement -&gt; 3, acquireRetryAttempts -&gt; 30, acquireRetryDelay -&gt; 1000, autoCommitOnClose -&gt; false, automaticTestTable -&gt; null, breakAfterAcquireFailure -&gt; false, checkoutTimeout -&gt; 0, connectionCustomizerClassName -&gt; null, connectionTesterClassName -&gt; com.mchange.v2.c3p0.impl.DefaultConnectionTester, dataSourceName -&gt; 2sbfvu9xhc5dj1vga6st|4b3ed2f0, debugUnreturnedConnectionStackTraces -&gt; false, description -&gt; null, driverClass -&gt; oracle.jdbc.driver.OracleDriver, factoryClassLocation -&gt; null, forceIgnoreUnresolvedTransactions -&gt; false, identityToken -&gt; 2sbfvu9xhc5dj1vga6st|4b3ed2f0, idleConnectionTestPeriod -&gt; 0, initialPoolSize -&gt; 3, jdbcUrl -&gt; jdbc:oracle:thin:@localhost:1521:xe, maxAdministrativeTaskTime -&gt; 0, maxConnectionAge -&gt; 0, maxIdleTime -&gt; 0, maxIdleTimeExcessConnections -&gt; 0, maxPoolSize -&gt; 100, maxStatements -&gt; 0, maxStatementsPerConnection -&gt; 0, minPoolSize -&gt; 10, numHelperThreads -&gt; 3, numThreadsAwaitingCheckoutDefaultUser -&gt; 0, preferredTestQuery -&gt; null, properties -&gt; {user=******, password=******}, propertyCycle -&gt; 0, testConnectionOnCheckin -&gt; false, testConnectionOnCheckout -&gt; false, unreturnedConnectionTimeout -&gt; 0, usesTraditionalReflectiveProxies -&gt; false ]] from thread [main]
2018-08-15 12:47:40 DEBUG JpaTransactionManager:600 - Closing JPA EntityManager [org.hibernate.jpa.internal.EntityManagerImpl@7be2f29a] after transaction
2018-08-15 12:47:40 DEBUG EntityManagerFactoryUtils:432 - Closing JPA EntityManager
2018-08-15 12:47:40 TRACE SessionImpl:409 - Closing session
2018-08-15 12:47:40 TRACE JdbcCoordinatorImpl:187 - Closing JDBC container [org.hibernate.engine.jdbc.internal.JdbcCoordinatorImpl@350ec690]
2018-08-15 12:47:40 TRACE ResourceRegistryStandardImpl:286 - Releasing JDBC resources
2018-08-15 12:47:40 TRACE LogicalConnectionManagedImpl:213 - Closing logical connection
2018-08-15 12:47:40 DEBUG BasicResourcePool:1644 - trace com.mchange.v2.resourcepool.BasicResourcePool@53dacd14 [managed: 10, unused: 9, excluded: 0] (e.g. com.mchange.v2.c3p0.impl.NewPooledConnection@25574ecf)
2018-08-15 12:47:40 TRACE ResourceRegistryStandardImpl:286 - Releasing JDBC resources
2018-08-15 12:47:40 TRACE LogicalConnectionManagedImpl:220 - Logical connection closed
2018-08-15 12:47:40 DEBUG JpaTransactionManager:367 - Creating new transaction with name [com.fdmgroup.icms.models.IssueService.deleteAllIssues]: PROPAGATION_REQUIRED,ISOLATION_DEFAULT; &apos;&apos;
2018-08-15 12:47:40 TRACE SessionFactoryImpl$SessionBuilderImpl:1312 - Opening Hibernate Session.  tenant=null, owner=org.hibernate.jpa.internal.EntityManagerImpl@49cb1baf
2018-08-15 12:47:40 TRACE SessionImpl:219 - Opened session at timestamp: 15343516605
2018-08-15 12:47:40 TRACE SessionImpl:1480 - Setting flush mode to: AUTO
2018-08-15 12:47:40 TRACE SessionImpl:1500 - Setting cache mode to: NORMAL
2018-08-15 12:47:40 DEBUG JpaTransactionManager:371 - Opened new EntityManager [org.hibernate.jpa.internal.EntityManagerImpl@49cb1baf] for JPA transaction
2018-08-15 12:47:40 DEBUG TransactionImpl:51 - begin
2018-08-15 12:47:40 DEBUG BasicResourcePool:1644 - trace com.mchange.v2.resourcepool.BasicResourcePool@53dacd14 [managed: 10, unused: 9, excluded: 0] (e.g. com.mchange.v2.c3p0.impl.NewPooledConnection@25574ecf)
2018-08-15 12:47:40 TRACE AbstractLogicalConnectionImplementor:66 - Preparing to begin transaction via JDBC Connection.setAutoCommit(false)
2018-08-15 12:47:40 TRACE AbstractLogicalConnectionImplementor:69 - Transaction begun via JDBC Connection.setAutoCommit(false)
2018-08-15 12:47:40 TRACE JdbcResourceLocalTransactionCoordinatorImpl:140 - ResourceLocalTransactionCoordinatorImpl#afterBeginCallback
2018-08-15 12:47:40 DEBUG JpaTransactionManager:403 - Exposing JPA transaction as JDBC transaction [org.springframework.orm.jpa.vendor.HibernateJpaDialect$HibernateConnectionHandle@77dba4cd]
2018-08-15 12:47:40 TRACE TransactionSynchronizationManager:193 - Bound value [org.springframework.jdbc.datasource.ConnectionHolder@34a2d6e0] for key [com.mchange.v2.c3p0.ComboPooledDataSource [ acquireIncrement -&gt; 3, acquireRetryAttempts -&gt; 30, acquireRetryDelay -&gt; 1000, autoCommitOnClose -&gt; false, automaticTestTable -&gt; null, breakAfterAcquireFailure -&gt; false, checkoutTimeout -&gt; 0, connectionCustomizerClassName -&gt; null, connectionTesterClassName -&gt; com.mchange.v2.c3p0.impl.DefaultConnectionTester, dataSourceName -&gt; 2sbfvu9xhc5dj1vga6st|4b3ed2f0, debugUnreturnedConnectionStackTraces -&gt; false, description -&gt; null, driverClass -&gt; oracle.jdbc.driver.OracleDriver, factoryClassLocation -&gt; null, forceIgnoreUnresolvedTransactions -&gt; false, identityToken -&gt; 2sbfvu9xhc5dj1vga6st|4b3ed2f0, idleConnectionTestPeriod -&gt; 0, initialPoolSize -&gt; 3, jdbcUrl -&gt; jdbc:oracle:thin:@localhost:1521:xe, maxAdministrativeTaskTime -&gt; 0, maxConnectionAge -&gt; 0, maxIdleTime -&gt; 0, maxIdleTimeExcessConnections -&gt; 0, maxPoolSize -&gt; 100, maxStatements -&gt; 0, maxStatementsPerConnection -&gt; 0, minPoolSize -&gt; 10, numHelperThreads -&gt; 3, numThreadsAwaitingCheckoutDefaultUser -&gt; 0, preferredTestQuery -&gt; null, properties -&gt; {user=******, password=******}, propertyCycle -&gt; 0, testConnectionOnCheckin -&gt; false, testConnectionOnCheckout -&gt; false, unreturnedConnectionTimeout -&gt; 0, usesTraditionalReflectiveProxies -&gt; false ]] to thread [main]
2018-08-15 12:47:40 TRACE TransactionSynchronizationManager:193 - Bound value [org.springframework.orm.jpa.EntityManagerHolder@2525a5b8] for key [org.springframework.orm.jpa.LocalContainerEntityManagerFactoryBean@12f49ca8] to thread [main]
2018-08-15 12:47:40 TRACE TransactionSynchronizationManager:272 - Initializing transaction synchronization
2018-08-15 12:47:40 TRACE TransactionInterceptor:490 - Getting transaction for [com.fdmgroup.icms.models.IssueService.deleteAllIssues]
2018-08-15 12:47:40 TRACE TransactionSynchronizationManager:193 - Bound value [org.springframework.data.jpa.repository.support.CrudMethodMetadataPostProcessor$DefaultCrudMethodMetadata@3458eca5] for key [public abstract void org.springframework.data.repository.CrudRepository.deleteAll()] to thread [main]
2018-08-15 12:47:40 DEBUG TransactionalRepositoryProxyPostProcessor$CustomAnnotationTransactionAttributeSource:351 - Adding transactional method &apos;deleteAll&apos; with attribute: PROPAGATION_REQUIRED,ISOLATION_DEFAULT; &apos;&apos;
2018-08-15 12:47:40 TRACE TransactionSynchronizationManager:140 - Retrieved value [org.springframework.orm.jpa.EntityManagerHolder@2525a5b8] for key [org.springframework.orm.jpa.LocalContainerEntityManagerFactoryBean@12f49ca8] bound to thread [main]
2018-08-15 12:47:40 DEBUG JpaTransactionManager:334 - Found thread-bound EntityManager [org.hibernate.jpa.internal.EntityManagerImpl@49cb1baf] for JPA transaction
2018-08-15 12:47:40 TRACE TransactionSynchronizationManager:140 - Retrieved value [org.springframework.jdbc.datasource.ConnectionHolder@34a2d6e0] for key [com.mchange.v2.c3p0.ComboPooledDataSource [ acquireIncrement -&gt; 3, acquireRetryAttempts -&gt; 30, acquireRetryDelay -&gt; 1000, autoCommitOnClose -&gt; false, automaticTestTable -&gt; null, breakAfterAcquireFailure -&gt; false, checkoutTimeout -&gt; 0, connectionCustomizerClassName -&gt; null, connectionTesterClassName -&gt; com.mchange.v2.c3p0.impl.DefaultConnectionTester, dataSourceName -&gt; 2sbfvu9xhc5dj1vga6st|4b3ed2f0, debugUnreturnedConnectionStackTraces -&gt; false, description -&gt; null, driverClass -&gt; oracle.jdbc.driver.OracleDriver, factoryClassLocation -&gt; null, forceIgnoreUnresolvedTransactions -&gt; false, identityToken -&gt; 2sbfvu9xhc5dj1vga6st|4b3ed2f0, idleConnectionTestPeriod -&gt; 0, initialPoolSize -&gt; 3, jdbcUrl -&gt; jdbc:oracle:thin:@localhost:1521:xe, maxAdministrativeTaskTime -&gt; 0, maxConnectionAge -&gt; 0, maxIdleTime -&gt; 0, maxIdleTimeExcessConnections -&gt; 0, maxPoolSize -&gt; 100, maxStatements -&gt; 0, maxStatementsPerConnection -&gt; 0, minPoolSize -&gt; 10, numHelperThreads -&gt; 3, numThreadsAwaitingCheckoutDefaultUser -&gt; 0, preferredTestQuery -&gt; null, properties -&gt; {user=******, password=******}, propertyCycle -&gt; 0, testConnectionOnCheckin -&gt; false, testConnectionOnCheckout -&gt; false, unreturnedConnectionTimeout -&gt; 0, usesTraditionalReflectiveProxies -&gt; false ]] bound to thread [main]
2018-08-15 12:47:40 DEBUG JpaTransactionManager:472 - Participating in existing transaction
2018-08-15 12:47:40 TRACE TransactionInterceptor:490 - Getting transaction for [org.springframework.data.jpa.repository.support.SimpleJpaRepository.deleteAll]
2018-08-15 12:47:40 TRACE TransactionSynchronizationManager:140 - Retrieved value [org.springframework.orm.jpa.EntityManagerHolder@2525a5b8] for key [org.springframework.orm.jpa.LocalContainerEntityManagerFactoryBean@12f49ca8] bound to thread [main]
2018-08-15 12:47:40 DEBUG CriteriaQueryImpl:310 - Rendered criteria query -&gt; select generatedAlias0 from Issue as generatedAlias0
2018-08-15 12:47:40 TRACE QueryPlanCache:149 - Unable to locate HQL query plan in cache; generating (select generatedAlias0 from Issue as generatedAlias0)
2018-08-15 12:47:40 TRACE AbstractServiceRegistryImpl:204 - Initializing service [role=org.hibernate.hql.spi.QueryTranslatorFactory]
2018-08-15 12:47:40 DEBUG QueryTranslatorFactoryInitiator:45 - QueryTranslatorFactory : org.hibernate.hql.internal.ast.ASTQueryTranslatorFactory@188598ad
2018-08-15 12:47:40 INFO  QueryTranslatorFactoryInitiator:47 - HHH000397: Using ASTQueryTranslatorFactory
2018-08-15 12:47:40 DEBUG QueryTranslatorImpl:278 - parse() - HQL: select generatedAlias0 from com.fdmgroup.icms.models.Issue as generatedAlias0
2018-08-15 12:47:40 DEBUG QueryTranslatorImpl:296 - --- HQL AST ---
 \-[QUERY] Node: &apos;query&apos;
    \-[SELECT_FROM] Node: &apos;SELECT_FROM&apos;
       +-[FROM] Node: &apos;from&apos;
       |  \-[RANGE] Node: &apos;RANGE&apos;
       |     +-[DOT] Node: &apos;.&apos;
       |     |  +-[DOT] Node: &apos;.&apos;
       |     |  |  +-[DOT] Node: &apos;.&apos;
       |     |  |  |  +-[DOT] Node: &apos;.&apos;
       |     |  |  |  |  +-[IDENT] Node: &apos;com&apos;
       |     |  |  |  |  \-[IDENT] Node: &apos;fdmgroup&apos;
       |     |  |  |  \-[IDENT] Node: &apos;icms&apos;
       |     |  |  \-[IDENT] Node: &apos;models&apos;
       |     |  \-[IDENT] Node: &apos;Issue&apos;
       |     \-[ALIAS] Node: &apos;generatedAlias0&apos;
       \-[SELECT] Node: &apos;select&apos;
          \-[IDENT] Node: &apos;generatedAlias0&apos;

2018-08-15 12:47:40 DEBUG ErrorCounter:95 - throwQueryException() : no errors
2018-08-15 12:47:40 DEBUG HqlSqlBaseWalker:121 - select &lt;&lt; begin [level=1, statement=select]
2018-08-15 12:47:40 DEBUG FromElement:146 - FromClause{level=1} : com.fdmgroup.icms.models.Issue (generatedAlias0) -&gt; issue0_
2018-08-15 12:47:40 DEBUG FromReferenceNode:60 - Resolved : generatedAlias0 -&gt; issue0_.issue_id
2018-08-15 12:47:40 DEBUG HqlSqlBaseWalker:125 - select : finishing up [level=1, statement=select]
2018-08-15 12:47:40 DEBUG HqlSqlWalker:654 - processQuery() :  ( SELECT ( {select clause} issue0_.issue_id ) ( FromClause{level=1} icms_issue issue0_ ) )
2018-08-15 12:47:40 DEBUG JoinProcessor:169 - Using FROM fragment [icms_issue issue0_]
2018-08-15 12:47:40 DEBUG HqlSqlBaseWalker:129 - select &gt;&gt; end [level=1, statement=select]
2018-08-15 12:47:40 DEBUG QueryTranslatorImpl:265 - --- SQL AST ---
 \-[SELECT] QueryNode: &apos;SELECT&apos;  querySpaces (icms_issue)
    +-[SELECT_CLAUSE] SelectClause: &apos;{select clause}&apos;
    |  +-[ALIAS_REF] IdentNode: &apos;issue0_.issue_id as issue_id1_0_&apos; {alias=generatedAlias0, className=com.fdmgroup.icms.models.Issue, tableAlias=issue0_}
    |  \-[SQL_TOKEN] SqlFragment: &apos;issue0_.department as department2_0_, issue0_.date_resolved as date_resolved3_0_, issue0_.date_submitted as date_submitted4_0_, issue0_.priority as priority5_0_, issue0_.status as status6_0_, issue0_.submitted_by as submitted_by7_0_, issue0_.title as title8_0_, issue0_.user_description as user_description9_0_&apos;
    \-[FROM] FromClause: &apos;from&apos; FromClause{level=1, fromElementCounter=1, fromElements=1, fromElementByClassAlias=[generatedAlias0], fromElementByTableAlias=[issue0_], fromElementsByPath=[], collectionJoinFromElementsByPath=[], impliedElements=[]}
       \-[FROM_FRAGMENT] FromElement: &apos;icms_issue issue0_&apos; FromElement{explicit,not a collection join,not a fetch join,fetch non-lazy properties,classAlias=generatedAlias0,role=null,tableName=icms_issue,tableAlias=issue0_,origin=null,columns={,className=com.fdmgroup.icms.models.Issue}}

2018-08-15 12:47:40 DEBUG ErrorCounter:95 - throwQueryException() : no errors
2018-08-15 12:47:40 DEBUG QueryTranslatorImpl:247 - HQL: select generatedAlias0 from com.fdmgroup.icms.models.Issue as generatedAlias0
2018-08-15 12:47:40 DEBUG QueryTranslatorImpl:248 - SQL: select issue0_.issue_id as issue_id1_0_, issue0_.department as department2_0_, issue0_.date_resolved as date_resolved3_0_, issue0_.date_submitted as date_submitted4_0_, issue0_.priority as priority5_0_, issue0_.status as status6_0_, issue0_.submitted_by as submitted_by7_0_, issue0_.title as title8_0_, issue0_.user_description as user_description9_0_ from icms_issue issue0_
2018-08-15 12:47:40 DEBUG ErrorCounter:95 - throwQueryException() : no errors
2018-08-15 12:47:40 TRACE HQLQueryPlan:385 - HQL param location recognition took 1,323,283 nanoseconds (select generatedAlias0 from Issue as generatedAlias0)
2018-08-15 12:47:40 TRACE QueryPlanCache:154 - Located HQL query plan in cache (select generatedAlias0 from Issue as generatedAlias0)
2018-08-15 12:47:40 TRACE TransactionSynchronizationManager:140 - Retrieved value [org.springframework.orm.jpa.EntityManagerHolder@2525a5b8] for key [org.springframework.orm.jpa.LocalContainerEntityManagerFactoryBean@12f49ca8] bound to thread [main]
2018-08-15 12:47:40 DEBUG CrudMethodMetadataPostProcessor$ThreadBoundTargetSource:85 - Initializing lazy target object
2018-08-15 12:47:40 TRACE TransactionSynchronizationManager:140 - Retrieved value [org.springframework.data.jpa.repository.support.CrudMethodMetadataPostProcessor$DefaultCrudMethodMetadata@3458eca5] for key [public abstract void org.springframework.data.repository.CrudRepository.deleteAll()] bound to thread [main]
2018-08-15 12:47:40 TRACE QueryPlanCache:154 - Located HQL query plan in cache (select generatedAlias0 from Issue as generatedAlias0)
2018-08-15 12:47:40 TRACE HQLQueryPlan:193 - Find: select generatedAlias0 from Issue as generatedAlias0
2018-08-15 12:47:40 TRACE QueryParameters:281 - Named parameters: {}
2018-08-15 12:47:40 DEBUG SQL:92 - select issue0_.issue_id as issue_id1_0_, issue0_.department as department2_0_, issue0_.date_resolved as date_resolved3_0_, issue0_.date_submitted as date_submitted4_0_, issue0_.priority as priority5_0_, issue0_.status as status6_0_, issue0_.submitted_by as submitted_by7_0_, issue0_.title as title8_0_, issue0_.user_description as user_description9_0_ from icms_issue issue0_
2018-08-15 12:47:40 TRACE ResourceRegistryStandardImpl:55 - Registering statement [com.mchange.v2.c3p0.impl.NewProxyPreparedStatement@7e351d7]
2018-08-15 12:47:40 TRACE JdbcCoordinatorImpl:351 - Registering last query statement [com.mchange.v2.c3p0.impl.NewProxyPreparedStatement@7e351d7]
2018-08-15 12:47:40 TRACE Loader:1978 - Bound [1] parameters total
2018-08-15 12:47:40 TRACE ResourceRegistryStandardImpl:182 - Registering result set [com.mchange.v2.c3p0.impl.NewProxyResultSet@39ee94de]
2018-08-15 12:47:40 TRACE Loader:965 - Processing result set
2018-08-15 12:47:40 TRACE Loader:990 - Done processing result set (0 rows)
2018-08-15 12:47:40 TRACE Loader:1130 - Total objects hydrated: 0
2018-08-15 12:47:40 TRACE ResourceRegistryStandardImpl:68 - Releasing statement [com.mchange.v2.c3p0.impl.NewProxyPreparedStatement@7e351d7]
2018-08-15 12:47:40 TRACE ResourceRegistryStandardImpl:132 - Closing result set [com.mchange.v2.c3p0.impl.NewProxyResultSet@39ee94de]
2018-08-15 12:47:40 TRACE ResourceRegistryStandardImpl:148 - Closing prepared statement [com.mchange.v2.c3p0.impl.NewProxyPreparedStatement@7e351d7]
2018-08-15 12:47:40 TRACE JdbcCoordinatorImpl:271 - Starting after statement execution processing [ON_CLOSE]
2018-08-15 12:47:40 TRACE StatefulPersistenceContext:914 - Initializing non-lazy collections
2018-08-15 12:47:40 TRACE TransactionInterceptor:519 - Completing transaction for [org.springframework.data.jpa.repository.support.SimpleJpaRepository.deleteAll]
2018-08-15 12:47:40 TRACE TransactionSynchronizationManager:243 - Removed value [org.springframework.data.jpa.repository.support.CrudMethodMetadataPostProcessor$DefaultCrudMethodMetadata@3458eca5] for key [public abstract void org.springframework.data.repository.CrudRepository.deleteAll()] from thread [main]
2018-08-15 12:47:40 TRACE TransactionInterceptor:519 - Completing transaction for [com.fdmgroup.icms.models.IssueService.deleteAllIssues]
2018-08-15 12:47:40 TRACE JpaTransactionManager:926 - Triggering beforeCommit synchronization
2018-08-15 12:47:40 TRACE JpaTransactionManager:939 - Triggering beforeCompletion synchronization
2018-08-15 12:47:40 DEBUG JpaTransactionManager:755 - Initiating transaction commit
2018-08-15 12:47:40 DEBUG JpaTransactionManager:512 - Committing JPA transaction on EntityManager [org.hibernate.jpa.internal.EntityManagerImpl@49cb1baf]
2018-08-15 12:47:40 DEBUG TransactionImpl:62 - committing
2018-08-15 12:47:40 TRACE JdbcResourceLocalTransactionCoordinatorImpl:144 - ResourceLocalTransactionCoordinatorImpl#beforeCompletionCallback
2018-08-15 12:47:40 TRACE SessionImpl:2338 - SessionImpl#beforeTransactionCompletion()
2018-08-15 12:47:40 TRACE SessionImpl:464 - Automatically flushing session
2018-08-15 12:47:40 TRACE SynchronizationRegistryStandardImpl:55 - SynchronizationRegistryStandardImpl.notifySynchronizationsBeforeTransactionCompletion
2018-08-15 12:47:40 TRACE AbstractLogicalConnectionImplementor:79 - Preparing to commit transaction via JDBC Connection.commit()
2018-08-15 12:47:40 TRACE AbstractLogicalConnectionImplementor:82 - Transaction committed via JDBC Connection.commit()
2018-08-15 12:47:40 TRACE AbstractLogicalConnectionImplementor:54 - LogicalConnection#afterTransaction
2018-08-15 12:47:40 TRACE ResourceRegistryStandardImpl:286 - Releasing JDBC resources
2018-08-15 12:47:40 TRACE AbstractLogicalConnectionImplementor:99 - re-enabling auto-commit on JDBC Connection after completion of JDBC-based transaction
2018-08-15 12:47:40 TRACE JdbcResourceLocalTransactionCoordinatorImpl:162 - ResourceLocalTransactionCoordinatorImpl#afterCompletionCallback(true)
2018-08-15 12:47:40 TRACE SynchronizationRegistryStandardImpl:159 - SynchronizationRegistryStandardImpl.notifySynchronizationsAfterTransactionCompletion(3)
2018-08-15 12:47:40 TRACE SessionImpl:2351 - SessionImpl#afterTransactionCompletion(successful=true, delayed=false)
2018-08-15 12:47:40 TRACE JpaTransactionManager:952 - Triggering afterCommit synchronization
2018-08-15 12:47:40 TRACE JpaTransactionManager:968 - Triggering afterCompletion synchronization
2018-08-15 12:47:40 TRACE TransactionSynchronizationManager:331 - Clearing transaction synchronization
2018-08-15 12:47:40 TRACE TransactionSynchronizationManager:243 - Removed value [org.springframework.orm.jpa.EntityManagerHolder@2525a5b8] for key [org.springframework.orm.jpa.LocalContainerEntityManagerFactoryBean@12f49ca8] from thread [main]
2018-08-15 12:47:40 TRACE TransactionSynchronizationManager:243 - Removed value [org.springframework.jdbc.datasource.ConnectionHolder@34a2d6e0] for key [com.mchange.v2.c3p0.ComboPooledDataSource [ acquireIncrement -&gt; 3, acquireRetryAttempts -&gt; 30, acquireRetryDelay -&gt; 1000, autoCommitOnClose -&gt; false, automaticTestTable -&gt; null, breakAfterAcquireFailure -&gt; false, checkoutTimeout -&gt; 0, connectionCustomizerClassName -&gt; null, connectionTesterClassName -&gt; com.mchange.v2.c3p0.impl.DefaultConnectionTester, dataSourceName -&gt; 2sbfvu9xhc5dj1vga6st|4b3ed2f0, debugUnreturnedConnectionStackTraces -&gt; false, description -&gt; null, driverClass -&gt; oracle.jdbc.driver.OracleDriver, factoryClassLocation -&gt; null, forceIgnoreUnresolvedTransactions -&gt; false, identityToken -&gt; 2sbfvu9xhc5dj1vga6st|4b3ed2f0, idleConnectionTestPeriod -&gt; 0, initialPoolSize -&gt; 3, jdbcUrl -&gt; jdbc:oracle:thin:@localhost:1521:xe, maxAdministrativeTaskTime -&gt; 0, maxConnectionAge -&gt; 0, maxIdleTime -&gt; 0, maxIdleTimeExcessConnections -&gt; 0, maxPoolSize -&gt; 100, maxStatements -&gt; 0, maxStatementsPerConnection -&gt; 0, minPoolSize -&gt; 10, numHelperThreads -&gt; 3, numThreadsAwaitingCheckoutDefaultUser -&gt; 0, preferredTestQuery -&gt; null, properties -&gt; {user=******, password=******}, propertyCycle -&gt; 0, testConnectionOnCheckin -&gt; false, testConnectionOnCheckout -&gt; false, unreturnedConnectionTimeout -&gt; 0, usesTraditionalReflectiveProxies -&gt; false ]] from thread [main]
2018-08-15 12:47:40 DEBUG JpaTransactionManager:600 - Closing JPA EntityManager [org.hibernate.jpa.internal.EntityManagerImpl@49cb1baf] after transaction
2018-08-15 12:47:40 DEBUG EntityManagerFactoryUtils:432 - Closing JPA EntityManager
2018-08-15 12:47:40 TRACE SessionImpl:409 - Closing session
2018-08-15 12:47:40 TRACE JdbcCoordinatorImpl:187 - Closing JDBC container [org.hibernate.engine.jdbc.internal.JdbcCoordinatorImpl@64c781a9]
2018-08-15 12:47:40 TRACE ResourceRegistryStandardImpl:286 - Releasing JDBC resources
2018-08-15 12:47:40 TRACE LogicalConnectionManagedImpl:213 - Closing logical connection
2018-08-15 12:47:40 DEBUG BasicResourcePool:1644 - trace com.mchange.v2.resourcepool.BasicResourcePool@53dacd14 [managed: 10, unused: 9, excluded: 0] (e.g. com.mchange.v2.c3p0.impl.NewPooledConnection@25574ecf)
2018-08-15 12:47:40 TRACE ResourceRegistryStandardImpl:286 - Releasing JDBC resources
2018-08-15 12:47:40 TRACE LogicalConnectionManagedImpl:220 - Logical connection closed
2018-08-15 12:47:40 TRACE TestContextManager:287 - afterTestMethod(): instance [com.fdmgroup.icms.models.DataConnectivityTest@1e95b653], method [public void com.fdmgroup.icms.models.DataConnectivityTest.test_IssueAddComment_SuccessfullyAddsAComment_AndWritesItToTheDatabase()], exception [org.springframework.dao.InvalidDataAccessApiUsageException: Unknown entity: com.fdmgroup.icms.models.Issue$$EnhancerBySpringCGLIB$$dff7037; nested exception is java.lang.IllegalArgumentException: Unknown entity: com.fdmgroup.icms.models.Issue$$EnhancerBySpringCGLIB$$dff7037]
2018-08-15 12:47:40 DEBUG DirtiesContextTestExecutionListener:86 - After test method: context [DefaultTestContext@4fc5563d testClass = DataConnectivityTest, testInstance = com.fdmgroup.icms.models.DataConnectivityTest@1e95b653, testMethod = test_IssueAddComment_SuccessfullyAddsAComment_AndWritesItToTheDatabase@DataConnectivityTest, testException = org.springframework.dao.InvalidDataAccessApiUsageException: Unknown entity: com.fdmgroup.icms.models.Issue$$EnhancerBySpringCGLIB$$dff7037; nested exception is java.lang.IllegalArgumentException: Unknown entity: com.fdmgroup.icms.models.Issue$$EnhancerBySpringCGLIB$$dff7037, mergedContextConfiguration = [WebMergedContextConfiguration@6f6c6077 testClass = DataConnectivityTest, locations = &apos;{}&apos;, classes = &apos;{class com.fdmgroup.icms.appconfig.ApplicationContextConfig}&apos;, contextInitializerClasses = &apos;[]&apos;, activeProfiles = &apos;{test}&apos;, propertySourceLocations = &apos;{}&apos;, propertySourceProperties = &apos;{}&apos;, resourceBasePath = &apos;src/main/webapp&apos;, contextLoader = &apos;org.springframework.test.context.web.WebDelegatingSmartContextLoader&apos;, parent = [null]]], class dirties context [false], class mode [null], method dirties context [false].
2018-08-15 12:47:40 DEBUG ServletTestExecutionListener:147 - Resetting RequestContextHolder for test context [DefaultTestContext@4fc5563d testClass = DataConnectivityTest, testInstance = com.fdmgroup.icms.models.DataConnectivityTest@1e95b653, testMethod = test_IssueAddComment_SuccessfullyAddsAComment_AndWritesItToTheDatabase@DataConnectivityTest, testException = org.springframework.dao.InvalidDataAccessApiUsageException: Unknown entity: com.fdmgroup.icms.models.Issue$$EnhancerBySpringCGLIB$$dff7037; nested exception is java.lang.IllegalArgumentException: Unknown entity: com.fdmgroup.icms.models.Issue$$EnhancerBySpringCGLIB$$dff7037, mergedContextConfiguration = [WebMergedContextConfiguration@6f6c6077 testClass = DataConnectivityTest, locations = &apos;{}&apos;, classes = &apos;{class com.fdmgroup.icms.appconfig.ApplicationContextConfig}&apos;, contextInitializerClasses = &apos;[]&apos;, activeProfiles = &apos;{test}&apos;, propertySourceLocations = &apos;{}&apos;, propertySourceProperties = &apos;{}&apos;, resourceBasePath = &apos;src/main/webapp&apos;, contextLoader = &apos;org.springframework.test.context.web.WebDelegatingSmartContextLoader&apos;, parent = [null]]].
</system-out>
  </testcase>
  <testcase classname="com.fdmgroup.icms.models.DataConnectivityTest" name="test_findAll_WhenFindAllIsCalled_ThenAllIssuesAreReturnedFromDatabaseAndAreSortedByDateDesc" time="0.099">
    <error message="Unknown entity: com.fdmgroup.icms.models.Issue$$EnhancerBySpringCGLIB$$dff7037; nested exception is java.lang.IllegalArgumentException: Unknown entity: com.fdmgroup.icms.models.Issue$$EnhancerBySpringCGLIB$$dff7037" type="org.springframework.dao.InvalidDataAccessApiUsageException">org.springframework.dao.InvalidDataAccessApiUsageException: Unknown entity: com.fdmgroup.icms.models.Issue$$EnhancerBySpringCGLIB$$dff7037; nested exception is java.lang.IllegalArgumentException: Unknown entity: com.fdmgroup.icms.models.Issue$$EnhancerBySpringCGLIB$$dff7037
	at org.springframework.orm.jpa.EntityManagerFactoryUtils.convertJpaAccessExceptionIfPossible(EntityManagerFactoryUtils.java:381)
	at org.springframework.orm.jpa.vendor.HibernateJpaDialect.translateExceptionIfPossible(HibernateJpaDialect.java:223)
	at org.springframework.orm.jpa.AbstractEntityManagerFactoryBean.translateExceptionIfPossible(AbstractEntityManagerFactoryBean.java:417)
	at org.springframework.dao.support.ChainedPersistenceExceptionTranslator.translateExceptionIfPossible(ChainedPersistenceExceptionTranslator.java:59)
	at org.springframework.dao.support.DataAccessUtils.translateIfNecessary(DataAccessUtils.java:213)
	at org.springframework.dao.support.PersistenceExceptionTranslationInterceptor.invoke(PersistenceExceptionTranslationInterceptor.java:147)
	at org.springframework.aop.framework.ReflectiveMethodInvocation.proceed(ReflectiveMethodInvocation.java:179)
	at org.springframework.data.jpa.repository.support.CrudMethodMetadataPostProcessor$CrudMethodMetadataPopulatingMethodInterceptor.invoke(CrudMethodMetadataPostProcessor.java:119)
	at org.springframework.aop.framework.ReflectiveMethodInvocation.proceed(ReflectiveMethodInvocation.java:179)
	at org.springframework.aop.interceptor.ExposeInvocationInterceptor.invoke(ExposeInvocationInterceptor.java:92)
	at org.springframework.aop.framework.ReflectiveMethodInvocation.proceed(ReflectiveMethodInvocation.java:179)
	at org.springframework.aop.framework.JdkDynamicAopProxy.invoke(JdkDynamicAopProxy.java:207)
	at com.sun.proxy.$Proxy60.save(Unknown Source)
	at com.fdmgroup.icms.models.IssueService.createIssue(IssueService.java:20)
	at com.fdmgroup.icms.models.IssueService$$FastClassBySpringCGLIB$$6bb2cca3.invoke(&lt;generated&gt;)
	at org.springframework.cglib.proxy.MethodProxy.invoke(MethodProxy.java:204)
	at org.springframework.aop.framework.CglibAopProxy$CglibMethodInvocation.invokeJoinpoint(CglibAopProxy.java:717)
	at org.springframework.aop.framework.ReflectiveMethodInvocation.proceed(ReflectiveMethodInvocation.java:157)
	at org.springframework.aop.aspectj.AspectJAfterAdvice.invoke(AspectJAfterAdvice.java:43)
	at org.springframework.aop.framework.ReflectiveMethodInvocation.proceed(ReflectiveMethodInvocation.java:168)
	at org.springframework.transaction.interceptor.TransactionInterceptor$1.proceedWithInvocation(TransactionInterceptor.java:99)
	at org.springframework.transaction.interceptor.TransactionAspectSupport.invokeWithinTransaction(TransactionAspectSupport.java:281)
	at org.springframework.transaction.interceptor.TransactionInterceptor.invoke(TransactionInterceptor.java:96)
	at org.springframework.aop.framework.ReflectiveMethodInvocation.proceed(ReflectiveMethodInvocation.java:179)
	at org.springframework.aop.interceptor.ExposeInvocationInterceptor.invoke(ExposeInvocationInterceptor.java:92)
	at org.springframework.aop.framework.ReflectiveMethodInvocation.proceed(ReflectiveMethodInvocation.java:179)
	at org.springframework.aop.framework.CglibAopProxy$DynamicAdvisedInterceptor.intercept(CglibAopProxy.java:653)
	at com.fdmgroup.icms.models.IssueService$$EnhancerBySpringCGLIB$$8267fe3b.createIssue(&lt;generated&gt;)
	at com.fdmgroup.icms.models.SeedDatabase.addIssues(SeedDatabase.java:67)
	at com.fdmgroup.icms.models.DataConnectivityTest.setUp(DataConnectivityTest.java:77)
	at sun.reflect.NativeMethodAccessorImpl.invoke0(Native Method)
	at sun.reflect.NativeMethodAccessorImpl.invoke(NativeMethodAccessorImpl.java:62)
	at sun.reflect.DelegatingMethodAccessorImpl.invoke(DelegatingMethodAccessorImpl.java:43)
	at java.lang.reflect.Method.invoke(Method.java:497)
	at org.junit.runners.model.FrameworkMethod$1.runReflectiveCall(FrameworkMethod.java:50)
	at org.junit.internal.runners.model.ReflectiveCallable.run(ReflectiveCallable.java:12)
	at org.junit.runners.model.FrameworkMethod.invokeExplosively(FrameworkMethod.java:47)
	at org.junit.internal.runners.statements.RunBefores.evaluate(RunBefores.java:24)
	at org.springframework.test.context.junit4.statements.RunBeforeTestMethodCallbacks.evaluate(RunBeforeTestMethodCallbacks.java:73)
	at org.junit.internal.runners.statements.RunAfters.evaluate(RunAfters.java:27)
	at org.springframework.test.context.junit4.statements.RunAfterTestMethodCallbacks.evaluate(RunAfterTestMethodCallbacks.java:82)
	at org.springframework.test.context.junit4.statements.SpringRepeat.evaluate(SpringRepeat.java:73)
	at org.junit.runners.ParentRunner.runLeaf(ParentRunner.java:325)
	at org.springframework.test.context.junit4.SpringJUnit4ClassRunner.runChild(SpringJUnit4ClassRunner.java:224)
	at org.springframework.test.context.junit4.SpringJUnit4ClassRunner.runChild(SpringJUnit4ClassRunner.java:83)
	at org.junit.runners.ParentRunner$3.run(ParentRunner.java:290)
	at org.junit.runners.ParentRunner$1.schedule(ParentRunner.java:71)
	at org.junit.runners.ParentRunner.runChildren(ParentRunner.java:288)
	at org.junit.runners.ParentRunner.access$000(ParentRunner.java:58)
	at org.junit.runners.ParentRunner$2.evaluate(ParentRunner.java:268)
	at org.junit.internal.runners.statements.RunBefores.evaluate(RunBefores.java:26)
	at org.springframework.test.context.junit4.statements.RunBeforeTestClassCallbacks.evaluate(RunBeforeTestClassCallbacks.java:61)
	at org.junit.internal.runners.statements.RunAfters.evaluate(RunAfters.java:27)
	at org.springframework.test.context.junit4.statements.RunAfterTestClassCallbacks.evaluate(RunAfterTestClassCallbacks.java:68)
	at org.junit.runners.ParentRunner.run(ParentRunner.java:363)
	at org.springframework.test.context.junit4.SpringJUnit4ClassRunner.run(SpringJUnit4ClassRunner.java:163)
	at org.apache.maven.surefire.junit4.JUnit4Provider.execute(JUnit4Provider.java:252)
	at org.apache.maven.surefire.junit4.JUnit4Provider.executeTestSet(JUnit4Provider.java:141)
	at org.apache.maven.surefire.junit4.JUnit4Provider.invoke(JUnit4Provider.java:112)
	at sun.reflect.NativeMethodAccessorImpl.invoke0(Native Method)
	at sun.reflect.NativeMethodAccessorImpl.invoke(NativeMethodAccessorImpl.java:62)
	at sun.reflect.DelegatingMethodAccessorImpl.invoke(DelegatingMethodAccessorImpl.java:43)
	at java.lang.reflect.Method.invoke(Method.java:497)
	at org.apache.maven.surefire.util.ReflectionUtils.invokeMethodWithArray(ReflectionUtils.java:189)
	at org.apache.maven.surefire.booter.ProviderFactory$ProviderProxy.invoke(ProviderFactory.java:165)
	at org.apache.maven.surefire.booter.ProviderFactory.invokeProvider(ProviderFactory.java:85)
	at org.apache.maven.surefire.booter.ForkedBooter.runSuitesInProcess(ForkedBooter.java:115)
	at org.apache.maven.surefire.booter.ForkedBooter.main(ForkedBooter.java:75)
Caused by: java.lang.IllegalArgumentException: Unknown entity: com.fdmgroup.icms.models.Issue$$EnhancerBySpringCGLIB$$dff7037
	at org.hibernate.jpa.spi.AbstractEntityManagerImpl.persist(AbstractEntityManagerImpl.java:1149)
	at sun.reflect.NativeMethodAccessorImpl.invoke0(Native Method)
	at sun.reflect.NativeMethodAccessorImpl.invoke(NativeMethodAccessorImpl.java:62)
	at sun.reflect.DelegatingMethodAccessorImpl.invoke(DelegatingMethodAccessorImpl.java:43)
	at java.lang.reflect.Method.invoke(Method.java:497)
	at org.springframework.orm.jpa.SharedEntityManagerCreator$SharedEntityManagerInvocationHandler.invoke(SharedEntityManagerCreator.java:291)
	at com.sun.proxy.$Proxy56.persist(Unknown Source)
	at org.springframework.data.jpa.repository.support.SimpleJpaRepository.save(SimpleJpaRepository.java:439)
	at sun.reflect.NativeMethodAccessorImpl.invoke0(Native Method)
	at sun.reflect.NativeMethodAccessorImpl.invoke(NativeMethodAccessorImpl.java:62)
	at sun.reflect.DelegatingMethodAccessorImpl.invoke(DelegatingMethodAccessorImpl.java:43)
	at java.lang.reflect.Method.invoke(Method.java:497)
	at org.springframework.data.repository.core.support.RepositoryFactorySupport$QueryExecutorMethodInterceptor.executeMethodOn(RepositoryFactorySupport.java:475)
	at org.springframework.data.repository.core.support.RepositoryFactorySupport$QueryExecutorMethodInterceptor.doInvoke(RepositoryFactorySupport.java:460)
	at org.springframework.data.repository.core.support.RepositoryFactorySupport$QueryExecutorMethodInterceptor.invoke(RepositoryFactorySupport.java:432)
	at org.springframework.aop.framework.ReflectiveMethodInvocation.proceed(ReflectiveMethodInvocation.java:179)
	at org.springframework.data.projection.DefaultMethodInvokingMethodInterceptor.invoke(DefaultMethodInvokingMethodInterceptor.java:61)
	at org.springframework.aop.framework.ReflectiveMethodInvocation.proceed(ReflectiveMethodInvocation.java:179)
	at org.springframework.transaction.interceptor.TransactionInterceptor$1.proceedWithInvocation(TransactionInterceptor.java:99)
	at org.springframework.transaction.interceptor.TransactionAspectSupport.invokeWithinTransaction(TransactionAspectSupport.java:281)
	at org.springframework.transaction.interceptor.TransactionInterceptor.invoke(TransactionInterceptor.java:96)
	at org.springframework.aop.framework.ReflectiveMethodInvocation.proceed(ReflectiveMethodInvocation.java:179)
	at org.springframework.dao.support.PersistenceExceptionTranslationInterceptor.invoke(PersistenceExceptionTranslationInterceptor.java:136)
	... 62 more
</error>
    <system-out>2018-08-15 12:47:40 DEBUG ProfileValueUtils:71 - Retrieved @ProfileValueSourceConfiguration [null] for test class [com.fdmgroup.icms.models.DataConnectivityTest]
2018-08-15 12:47:40 DEBUG ProfileValueUtils:83 - Retrieved ProfileValueSource type [class org.springframework.test.annotation.SystemProfileValueSource] for class [com.fdmgroup.icms.models.DataConnectivityTest]
2018-08-15 12:47:40 TRACE TestContextManager:206 - prepareTestInstance(): instance [com.fdmgroup.icms.models.DataConnectivityTest@58253c57]
[...]
2018-08-15 12:47:41 DEBUG JpaTransactionManager:600 - Closing JPA EntityManager [org.hibernate.jpa.internal.EntityManagerImpl@4c0e426a] after transaction
2018-08-15 12:47:41 DEBUG EntityManagerFactoryUtils:432 - Closing JPA EntityManager
2018-08-15 12:47:41 TRACE SessionImpl:409 - Closing session
2018-08-15 12:47:41 TRACE JdbcCoordinatorImpl:187 - Closing JDBC container [org.hibernate.engine.jdbc.internal.JdbcCoordinatorImpl@f29353f]
2018-08-15 12:47:41 TRACE ResourceRegistryStandardImpl:286 - Releasing JDBC resources
2018-08-15 12:47:41 TRACE LogicalConnectionManagedImpl:213 - Closing logical connection
2018-08-15 12:47:41 DEBUG BasicResourcePool:1644 - trace com.mchange.v2.resourcepool.BasicResourcePool@53dacd14 [managed: 10, unused: 9, excluded: 0] (e.g. com.mchange.v2.c3p0.impl.NewPooledConnection@25574ecf)
2018-08-15 12:47:41 TRACE ResourceRegistryStandardImpl:286 - Releasing JDBC resources
2018-08-15 12:47:41 TRACE LogicalConnectionManagedImpl:220 - Logical connection closed
2018-08-15 12:47:41 DEBUG JpaTransactionManager:367 - Creating new transaction with name [com.fdmgroup.icms.models.IssueService.deleteAllIssues]: PROPAGATION_REQUIRED,ISOLATION_DEFAULT; &apos;&apos;
2018-08-15 12:47:41 TRACE SessionFactoryImpl$SessionBuilderImpl:1312 - Opening Hibernate Session.  tenant=null, owner=org.hibernate.jpa.internal.EntityManagerImpl@36f7d7b
2018-08-15 12:47:41 TRACE SessionImpl:219 - Opened session at timestamp: 15343516617
2018-08-15 12:47:41 TRACE SessionImpl:1480 - Setting flush mode to: AUTO
2018-08-15 12:47:41 TRACE SessionImpl:1500 - Setting cache mode to: NORMAL
2018-08-15 12:47:41 DEBUG JpaTransactionManager:371 - Opened new EntityManager [org.hibernate.jpa.internal.EntityManagerImpl@36f7d7b] for JPA transaction
2018-08-15 12:47:41 DEBUG TransactionImpl:51 - begin
2018-08-15 12:47:41 DEBUG BasicResourcePool:1644 - trace com.mchange.v2.resourcepool.BasicResourcePool@53dacd14 [managed: 10, unused: 9, excluded: 0] (e.g. com.mchange.v2.c3p0.impl.NewPooledConnection@25574ecf)
2018-08-15 12:47:41 TRACE AbstractLogicalConnectionImplementor:66 - Preparing to begin transaction via JDBC Connection.setAutoCommit(false)
2018-08-15 12:47:41 TRACE AbstractLogicalConnectionImplementor:69 - Transaction begun via JDBC Connection.setAutoCommit(false)
2018-08-15 12:47:41 TRACE JdbcResourceLocalTransactionCoordinatorImpl:140 - ResourceLocalTransactionCoordinatorImpl#afterBeginCallback
2018-08-15 12:47:41 DEBUG JpaTransactionManager:403 - Exposing JPA transaction as JDBC transaction [org.springframework.orm.jpa.vendor.HibernateJpaDialect$HibernateConnectionHandle@25a7fedf]
2018-08-15 12:47:41 TRACE TransactionSynchronizationManager:193 - Bound value [org.springframework.jdbc.datasource.ConnectionHolder@6361b799] for key [com.mchange.v2.c3p0.ComboPooledDataSource [ acquireIncrement -&gt; 3, acquireRetryAttempts -&gt; 30, acquireRetryDelay -&gt; 1000, autoCommitOnClose -&gt; false, automaticTestTable -&gt; null, breakAfterAcquireFailure -&gt; false, checkoutTimeout -&gt; 0, connectionCustomizerClassName -&gt; null, connectionTesterClassName -&gt; com.mchange.v2.c3p0.impl.DefaultConnectionTester, dataSourceName -&gt; 2sbfvu9xhc5dj1vga6st|4b3ed2f0, debugUnreturnedConnectionStackTraces -&gt; false, description -&gt; null, driverClass -&gt; oracle.jdbc.driver.OracleDriver, factoryClassLocation -&gt; null, forceIgnoreUnresolvedTransactions -&gt; false, identityToken -&gt; 2sbfvu9xhc5dj1vga6st|4b3ed2f0, idleConnectionTestPeriod -&gt; 0, initialPoolSize -&gt; 3, jdbcUrl -&gt; jdbc:oracle:thin:@localhost:1521:xe, maxAdministrativeTaskTime -&gt; 0, maxConnectionAge -&gt; 0, maxIdleTime -&gt; 0, maxIdleTimeExcessConnections -&gt; 0, maxPoolSize -&gt; 100, maxStatements -&gt; 0, maxStatementsPerConnection -&gt; 0, minPoolSize -&gt; 10, numHelperThreads -&gt; 3, numThreadsAwaitingCheckoutDefaultUser -&gt; 0, preferredTestQuery -&gt; null, properties -&gt; {user=******, password=******}, propertyCycle -&gt; 0, testConnectionOnCheckin -&gt; false, testConnectionOnCheckout -&gt; false, unreturnedConnectionTimeout -&gt; 0, usesTraditionalReflectiveProxies -&gt; false ]] to thread [main]
2018-08-15 12:47:41 TRACE TransactionSynchronizationManager:193 - Bound value [org.springframework.orm.jpa.EntityManagerHolder@1b9d9a2b] for key [org.springframework.orm.jpa.LocalContainerEntityManagerFactoryBean@12f49ca8] to thread [main]
2018-08-15 12:47:41 TRACE TransactionSynchronizationManager:272 - Initializing transaction synchronization
2018-08-15 12:47:41 TRACE TransactionInterceptor:490 - Getting transaction for [com.fdmgroup.icms.models.IssueService.deleteAllIssues]
2018-08-15 12:47:41 TRACE TransactionSynchronizationManager:193 - Bound value [org.springframework.data.jpa.repository.support.CrudMethodMetadataPostProcessor$DefaultCrudMethodMetadata@3458eca5] for key [public abstract void org.springframework.data.repository.CrudRepository.deleteAll()] to thread [main]
2018-08-15 12:47:41 TRACE TransactionSynchronizationManager:140 - Retrieved value [org.springframework.orm.jpa.EntityManagerHolder@1b9d9a2b] for key [org.springframework.orm.jpa.LocalContainerEntityManagerFactoryBean@12f49ca8] bound to thread [main]
2018-08-15 12:47:41 DEBUG JpaTransactionManager:334 - Found thread-bound EntityManager [org.hibernate.jpa.internal.EntityManagerImpl@36f7d7b] for JPA transaction
2018-08-15 12:47:41 TRACE TransactionSynchronizationManager:140 - Retrieved value [org.springframework.jdbc.datasource.ConnectionHolder@6361b799] for key [com.mchange.v2.c3p0.ComboPooledDataSource [ acquireIncrement -&gt; 3, acquireRetryAttempts -&gt; 30, acquireRetryDelay -&gt; 1000, autoCommitOnClose -&gt; false, automaticTestTable -&gt; null, breakAfterAcquireFailure -&gt; false, checkoutTimeout -&gt; 0, connectionCustomizerClassName -&gt; null, connectionTesterClassName -&gt; com.mchange.v2.c3p0.impl.DefaultConnectionTester, dataSourceName -&gt; 2sbfvu9xhc5dj1vga6st|4b3ed2f0, debugUnreturnedConnectionStackTraces -&gt; false, description -&gt; null, driverClass -&gt; oracle.jdbc.driver.OracleDriver, factoryClassLocation -&gt; null, forceIgnoreUnresolvedTransactions -&gt; false, identityToken -&gt; 2sbfvu9xhc5dj1vga6st|4b3ed2f0, idleConnectionTestPeriod -&gt; 0, initialPoolSize -&gt; 3, jdbcUrl -&gt; jdbc:oracle:thin:@localhost:1521:xe, maxAdministrativeTaskTime -&gt; 0, maxConnectionAge -&gt; 0, maxIdleTime -&gt; 0, maxIdleTimeExcessConnections -&gt; 0, maxPoolSize -&gt; 100, maxStatements -&gt; 0, maxStatementsPerConnection -&gt; 0, minPoolSize -&gt; 10, numHelperThreads -&gt; 3, numThreadsAwaitingCheckoutDefaultUser -&gt; 0, preferredTestQuery -&gt; null, properties -&gt; {user=******, password=******}, propertyCycle -&gt; 0, testConnectionOnCheckin -&gt; false, testConnectionOnCheckout -&gt; false, unreturnedConnectionTimeout -&gt; 0, usesTraditionalReflectiveProxies -&gt; false ]] bound to thread [main]
2018-08-15 12:47:41 DEBUG JpaTransactionManager:472 - Participating in existing transaction
2018-08-15 12:47:41 TRACE TransactionInterceptor:490 - Getting transaction for [org.springframework.data.jpa.repository.support.SimpleJpaRepository.deleteAll]
2018-08-15 12:47:41 TRACE TransactionSynchronizationManager:140 - Retrieved value [org.springframework.orm.jpa.EntityManagerHolder@1b9d9a2b] for key [org.springframework.orm.jpa.LocalContainerEntityManagerFactoryBean@12f49ca8] bound to thread [main]
2018-08-15 12:47:41 DEBUG CriteriaQueryImpl:310 - Rendered criteria query -&gt; select generatedAlias0 from Issue as generatedAlias0
2018-08-15 12:47:41 TRACE QueryPlanCache:154 - Located HQL query plan in cache (select generatedAlias0 from Issue as generatedAlias0)
2018-08-15 12:47:41 TRACE QueryPlanCache:154 - Located HQL query plan in cache (select generatedAlias0 from Issue as generatedAlias0)
2018-08-15 12:47:41 TRACE TransactionSynchronizationManager:140 - Retrieved value [org.springframework.orm.jpa.EntityManagerHolder@1b9d9a2b] for key [org.springframework.orm.jpa.LocalContainerEntityManagerFactoryBean@12f49ca8] bound to thread [main]
2018-08-15 12:47:41 TRACE QueryPlanCache:154 - Located HQL query plan in cache (select generatedAlias0 from Issue as generatedAlias0)
2018-08-15 12:47:41 TRACE HQLQueryPlan:193 - Find: select generatedAlias0 from Issue as generatedAlias0
2018-08-15 12:47:41 TRACE QueryParameters:281 - Named parameters: {}
2018-08-15 12:47:41 DEBUG SQL:92 - select issue0_.issue_id as issue_id1_0_, issue0_.department as department2_0_, issue0_.date_resolved as date_resolved3_0_, issue0_.date_submitted as date_submitted4_0_, issue0_.priority as priority5_0_, issue0_.status as status6_0_, issue0_.submitted_by as submitted_by7_0_, issue0_.title as title8_0_, issue0_.user_description as user_description9_0_ from icms_issue issue0_
2018-08-15 12:47:41 TRACE ResourceRegistryStandardImpl:55 - Registering statement [com.mchange.v2.c3p0.impl.NewProxyPreparedStatement@ed2f2f6]
2018-08-15 12:47:41 TRACE JdbcCoordinatorImpl:351 - Registering last query statement [com.mchange.v2.c3p0.impl.NewProxyPreparedStatement@ed2f2f6]
2018-08-15 12:47:41 TRACE Loader:1978 - Bound [1] parameters total
2018-08-15 12:47:41 TRACE ResourceRegistryStandardImpl:182 - Registering result set [com.mchange.v2.c3p0.impl.NewProxyResultSet@7c281eb8]
2018-08-15 12:47:41 TRACE Loader:965 - Processing result set
2018-08-15 12:47:41 TRACE Loader:990 - Done processing result set (0 rows)
2018-08-15 12:47:41 TRACE Loader:1130 - Total objects hydrated: 0
2018-08-15 12:47:41 TRACE ResourceRegistryStandardImpl:68 - Releasing statement [com.mchange.v2.c3p0.impl.NewProxyPreparedStatement@ed2f2f6]
2018-08-15 12:47:41 TRACE ResourceRegistryStandardImpl:132 - Closing result set [com.mchange.v2.c3p0.impl.NewProxyResultSet@7c281eb8]
2018-08-15 12:47:41 TRACE ResourceRegistryStandardImpl:148 - Closing prepared statement [com.mchange.v2.c3p0.impl.NewProxyPreparedStatement@ed2f2f6]
2018-08-15 12:47:41 TRACE JdbcCoordinatorImpl:271 - Starting after statement execution processing [ON_CLOSE]
2018-08-15 12:47:41 TRACE StatefulPersistenceContext:914 - Initializing non-lazy collections
2018-08-15 12:47:41 TRACE TransactionInterceptor:519 - Completing transaction for [org.springframework.data.jpa.repository.support.SimpleJpaRepository.deleteAll]
2018-08-15 12:47:41 TRACE TransactionSynchronizationManager:243 - Removed value [org.springframework.data.jpa.repository.support.CrudMethodMetadataPostProcessor$DefaultCrudMethodMetadata@3458eca5] for key [public abstract void org.springframework.data.repository.CrudRepository.deleteAll()] from thread [main]
2018-08-15 12:47:41 TRACE TransactionInterceptor:519 - Completing transaction for [com.fdmgroup.icms.models.IssueService.deleteAllIssues]
2018-08-15 12:47:41 TRACE JpaTransactionManager:926 - Triggering beforeCommit synchronization
2018-08-15 12:47:41 TRACE JpaTransactionManager:939 - Triggering beforeCompletion synchronization
2018-08-15 12:47:41 DEBUG JpaTransactionManager:755 - Initiating transaction commit
2018-08-15 12:47:41 DEBUG JpaTransactionManager:512 - Committing JPA transaction on EntityManager [org.hibernate.jpa.internal.EntityManagerImpl@36f7d7b]
2018-08-15 12:47:41 DEBUG TransactionImpl:62 - committing
2018-08-15 12:47:41 TRACE JdbcResourceLocalTransactionCoordinatorImpl:144 - ResourceLocalTransactionCoordinatorImpl#beforeCompletionCallback
2018-08-15 12:47:41 TRACE SessionImpl:2338 - SessionImpl#beforeTransactionCompletion()
2018-08-15 12:47:41 TRACE SessionImpl:464 - Automatically flushing session
2018-08-15 12:47:41 TRACE SynchronizationRegistryStandardImpl:55 - SynchronizationRegistryStandardImpl.notifySynchronizationsBeforeTransactionCompletion
2018-08-15 12:47:41 TRACE AbstractLogicalConnectionImplementor:79 - Preparing to commit transaction via JDBC Connection.commit()
2018-08-15 12:47:41 TRACE AbstractLogicalConnectionImplementor:82 - Transaction committed via JDBC Connection.commit()
2018-08-15 12:47:41 TRACE AbstractLogicalConnectionImplementor:54 - LogicalConnection#afterTransaction
2018-08-15 12:47:41 TRACE ResourceRegistryStandardImpl:286 - Releasing JDBC resources
2018-08-15 12:47:41 TRACE AbstractLogicalConnectionImplementor:99 - re-enabling auto-commit on JDBC Connection after completion of JDBC-based transaction
2018-08-15 12:47:41 TRACE JdbcResourceLocalTransactionCoordinatorImpl:162 - ResourceLocalTransactionCoordinatorImpl#afterCompletionCallback(true)
2018-08-15 12:47:41 TRACE SynchronizationRegistryStandardImpl:159 - SynchronizationRegistryStandardImpl.notifySynchronizationsAfterTransactionCompletion(3)
2018-08-15 12:47:41 TRACE SessionImpl:2351 - SessionImpl#afterTransactionCompletion(successful=true, delayed=false)
2018-08-15 12:47:41 TRACE JpaTransactionManager:952 - Triggering afterCommit synchronization
2018-08-15 12:47:41 TRACE JpaTransactionManager:968 - Triggering afterCompletion synchronization
2018-08-15 12:47:41 TRACE TransactionSynchronizationManager:331 - Clearing transaction synchronization
2018-08-15 12:47:41 TRACE TransactionSynchronizationManager:243 - Removed value [org.springframework.orm.jpa.EntityManagerHolder@1b9d9a2b] for key [org.springframework.orm.jpa.LocalContainerEntityManagerFactoryBean@12f49ca8] from thread [main]
2018-08-15 12:47:41 TRACE TransactionSynchronizationManager:243 - Removed value [org.springframework.jdbc.datasource.ConnectionHolder@6361b799] for key [com.mchange.v2.c3p0.ComboPooledDataSource [ acquireIncrement -&gt; 3, acquireRetryAttempts -&gt; 30, acquireRetryDelay -&gt; 1000, autoCommitOnClose -&gt; false, automaticTestTable -&gt; null, breakAfterAcquireFailure -&gt; false, checkoutTimeout -&gt; 0, connectionCustomizerClassName -&gt; null, connectionTesterClassName -&gt; com.mchange.v2.c3p0.impl.DefaultConnectionTester, dataSourceName -&gt; 2sbfvu9xhc5dj1vga6st|4b3ed2f0, debugUnreturnedConnectionStackTraces -&gt; false, description -&gt; null, driverClass -&gt; oracle.jdbc.driver.OracleDriver, factoryClassLocation -&gt; null, forceIgnoreUnresolvedTransactions -&gt; false, identityToken -&gt; 2sbfvu9xhc5dj1vga6st|4b3ed2f0, idleConnectionTestPeriod -&gt; 0, initialPoolSize -&gt; 3, jdbcUrl -&gt; jdbc:oracle:thin:@localhost:1521:xe, maxAdministrativeTaskTime -&gt; 0, maxConnectionAge -&gt; 0, maxIdleTime -&gt; 0, maxIdleTimeExcessConnections -&gt; 0, maxPoolSize -&gt; 100, maxStatements -&gt; 0, maxStatementsPerConnection -&gt; 0, minPoolSize -&gt; 10, numHelperThreads -&gt; 3, numThreadsAwaitingCheckoutDefaultUser -&gt; 0, preferredTestQuery -&gt; null, properties -&gt; {user=******, password=******}, propertyCycle -&gt; 0, testConnectionOnCheckin -&gt; false, testConnectionOnCheckout -&gt; false, unreturnedConnectionTimeout -&gt; 0, usesTraditionalReflectiveProxies -&gt; false ]] from thread [main]
2018-08-15 12:47:41 DEBUG JpaTransactionManager:600 - Closing JPA EntityManager [org.hibernate.jpa.internal.EntityManagerImpl@36f7d7b] after transaction
2018-08-15 12:47:41 DEBUG EntityManagerFactoryUtils:432 - Closing JPA EntityManager
2018-08-15 12:47:41 TRACE SessionImpl:409 - Closing session
2018-08-15 12:47:41 TRACE JdbcCoordinatorImpl:187 - Closing JDBC container [org.hibernate.engine.jdbc.internal.JdbcCoordinatorImpl@65f40689]
2018-08-15 12:47:41 TRACE ResourceRegistryStandardImpl:286 - Releasing JDBC resources
2018-08-15 12:47:41 TRACE LogicalConnectionManagedImpl:213 - Closing logical connection
2018-08-15 12:47:41 DEBUG BasicResourcePool:1644 - trace com.mchange.v2.resourcepool.BasicResourcePool@53dacd14 [managed: 10, unused: 9, excluded: 0] (e.g. com.mchange.v2.c3p0.impl.NewPooledConnection@25574ecf)
2018-08-15 12:47:41 TRACE ResourceRegistryStandardImpl:286 - Releasing JDBC resources
2018-08-15 12:47:41 TRACE LogicalConnectionManagedImpl:220 - Logical connection closed
2018-08-15 12:47:41 TRACE TestContextManager:287 - afterTestMethod(): instance [com.fdmgroup.icms.models.DataConnectivityTest@af7e376], method [public void com.fdmgroup.icms.models.DataConnectivityTest.test_WhenAnIssueIsUpdated_TheReturnedValuesAreTheUpdatedValues()], exception [org.springframework.dao.InvalidDataAccessApiUsageException: Unknown entity: com.fdmgroup.icms.models.Issue$$EnhancerBySpringCGLIB$$dff7037; nested exception is java.lang.IllegalArgumentException: Unknown entity: com.fdmgroup.icms.models.Issue$$EnhancerBySpringCGLIB$$dff7037]
2018-08-15 12:47:41 DEBUG DirtiesContextTestExecutionListener:86 - After test method: context [DefaultTestContext@4fc5563d testClass = DataConnectivityTest, testInstance = com.fdmgroup.icms.models.DataConnectivityTest@af7e376, testMethod = test_WhenAnIssueIsUpdated_TheReturnedValuesAreTheUpdatedValues@DataConnectivityTest, testException = org.springframework.dao.InvalidDataAccessApiUsageException: Unknown entity: com.fdmgroup.icms.models.Issue$$EnhancerBySpringCGLIB$$dff7037; nested exception is java.lang.IllegalArgumentException: Unknown entity: com.fdmgroup.icms.models.Issue$$EnhancerBySpringCGLIB$$dff7037, mergedContextConfiguration = [WebMergedContextConfiguration@6f6c6077 testClass = DataConnectivityTest, locations = &apos;{}&apos;, classes = &apos;{class com.fdmgroup.icms.appconfig.ApplicationContextConfig}&apos;, contextInitializerClasses = &apos;[]&apos;, activeProfiles = &apos;{test}&apos;, propertySourceLocations = &apos;{}&apos;, propertySourceProperties = &apos;{}&apos;, resourceBasePath = &apos;src/main/webapp&apos;, contextLoader = &apos;org.springframework.test.context.web.WebDelegatingSmartContextLoader&apos;, parent = [null]]], class dirties context [false], class mode [null], method dirties context [false].
2018-08-15 12:47:41 DEBUG ServletTestExecutionListener:147 - Resetting RequestContextHolder for test context [DefaultTestContext@4fc5563d testClass = DataConnectivityTest, testInstance = com.fdmgroup.icms.models.DataConnectivityTest@af7e376, testMethod = test_WhenAnIssueIsUpdated_TheReturnedValuesAreTheUpdatedValues@DataConnectivityTest, testException = org.springframework.dao.InvalidDataAccessApiUsageException: Unknown entity: com.fdmgroup.icms.models.Issue$$EnhancerBySpringCGLIB$$dff7037; nested exception is java.lang.IllegalArgumentException: Unknown entity: com.fdmgroup.icms.models.Issue$$EnhancerBySpringCGLIB$$dff7037, mergedContextConfiguration = [WebMergedContextConfiguration@6f6c6077 testClass = DataConnectivityTest, locations = &apos;{}&apos;, classes = &apos;{class com.fdmgroup.icms.appconfig.ApplicationContextConfig}&apos;, contextInitializerClasses = &apos;[]&apos;, activeProfiles = &apos;{test}&apos;, propertySourceLocations = &apos;{}&apos;, propertySourceProperties = &apos;{}&apos;, resourceBasePath = &apos;src/main/webapp&apos;, contextLoader = &apos;org.springframework.test.context.web.WebDelegatingSmartContextLoader&apos;, parent = [null]]].
</system-out>
  </testcase>
</testsuite>